#
# There is insufficient memory for the Java Runtime Environment to continue.
# Native memory allocation (mmap) failed to map 109051904 bytes for G1 virtual space
# Possible reasons:
#   The system is out of physical RAM or swap space
#   The process is running with CompressedOops enabled, and the Java Heap may be blocking the growth of the native heap
# Possible solutions:
#   Reduce memory load on the system
#   Increase physical memory or swap space
#   Check if swap backing store is full
#   Decrease Java heap size (-Xmx/-Xms)
#   Decrease number of Java threads
#   Decrease Java thread stack sizes (-Xss)
#   Set larger code cache with -XX:ReservedCodeCacheSize=
#   JVM is running with Zero Based Compressed Oops mode in which the Java heap is
#     placed in the first 32GB address space. The Java Heap base address is the
#     maximum limit for the native heap growth. Please use -XX:HeapBaseMinAddress
#     to set the Java Heap base and to place the Java Heap above 32GB virtual address.
# This output file may be truncated or incomplete.
#
#  Out of Memory Error (os_windows.cpp:3550), pid=3236, tid=308
#
# JRE version: Java(TM) SE Runtime Environment (17.0.8+9) (build 17.0.8+9-LTS-211)
# Java VM: Java HotSpot(TM) 64-Bit Server VM (17.0.8+9-LTS-211, mixed mode, emulated-client, sharing, tiered, compressed oops, compressed class ptrs, g1 gc, windows-amd64)
# No core dump will be written. Minidumps are not enabled by default on client versions of Windows
#

---------------  S U M M A R Y ------------

Command Line: -XX:TieredStopAtLevel=1 -Xverify:none -Dspring.output.ansi.enabled=always -Dcom.sun.management.jmxremote -Dspring.jmx.enabled=true -Dspring.liveBeansView.mbeanDomain -Dspring.application.admin.enabled=true -javaagent:C:\Program Files\JetBrains\IntelliJ IDEA 2021.3.1\lib\idea_rt.jar=60141:C:\Program Files\JetBrains\IntelliJ IDEA 2021.3.1\bin -Dfile.encoding=UTF-8 com.flightagency.FlightAgencyApplication

Host: Intel(R) Core(TM) i7-9700T CPU @ 2.00GHz, 8 cores, 15G,  Windows 10 , 64 bit Build 19041 (10.0.19041.3031)
Time: Wed Nov  1 17:23:50 2023 Iran Standard Time elapsed time: 6.882784 seconds (0d 0h 0m 6s)

---------------  T H R E A D  ---------------

Current thread (0x000001f341754010):  VMThread "VM Thread" [stack: 0x000000b47ff00000,0x000000b480000000] [id=308]

Stack: [0x000000b47ff00000,0x000000b480000000]
Native frames: (J=compiled Java code, j=interpreted, Vv=VM code, C=native code)
V  [jvm.dll+0x677d0a]
V  [jvm.dll+0x7d8c54]
V  [jvm.dll+0x7da3fe]
V  [jvm.dll+0x7daa63]
V  [jvm.dll+0x245c5f]
V  [jvm.dll+0x674bb9]
V  [jvm.dll+0x6694f2]
V  [jvm.dll+0x3031d6]
V  [jvm.dll+0x30a756]
V  [jvm.dll+0x359f9e]
V  [jvm.dll+0x35a1cf]
V  [jvm.dll+0x2da3e8]
V  [jvm.dll+0x2d87f5]
V  [jvm.dll+0x2d7dfc]
V  [jvm.dll+0x31b4cb]
V  [jvm.dll+0x7df26b]
V  [jvm.dll+0x7dffa4]
V  [jvm.dll+0x7e04bd]
V  [jvm.dll+0x7e0894]
V  [jvm.dll+0x7e0960]
V  [jvm.dll+0x788bba]
V  [jvm.dll+0x676b35]
C  [ucrtbase.dll+0x21bb2]
C  [KERNEL32.DLL+0x17614]
C  [ntdll.dll+0x526f1]

VM_Operation (0x000000b402cfb960): G1CollectForAllocation, mode: safepoint, requested by thread 0x000001f388399e30


---------------  P R O C E S S  ---------------

Threads class SMR info:
_java_thread_list=0x000001f388322a50, length=35, elements={
0x000001f32ac1d980, 0x000001f34175a2e0, 0x000001f34175b800, 0x000001f34176b690,
0x000001f34176c410, 0x000001f3417725d0, 0x000001f3417715a0, 0x000001f341773280,
0x000001f34177a000, 0x000001f3419590a0, 0x000001f3419614e0, 0x000001f341962c10,
0x000001f3419573c0, 0x000001f341958230, 0x000001f341957890, 0x000001f3873fb4e0,
0x000001f34195a8b0, 0x000001f341958700, 0x000001f341958bd0, 0x000001f341959a40,
0x000001f341957d60, 0x000001f341959570, 0x000001f341959f10, 0x000001f34195a3e0,
0x000001f341956ef0, 0x000001f388398150, 0x000001f388394790, 0x000001f3883977b0,
0x000001f388398af0, 0x000001f388395600, 0x000001f388395ad0, 0x000001f3883942c0,
0x000001f388395130, 0x000001f388399490, 0x000001f388399e30
}

Java Threads: ( => current thread )
  0x000001f32ac1d980 JavaThread "main" [_thread_blocked, id=22096, stack(0x000000b47f900000,0x000000b47fa00000)]
  0x000001f34175a2e0 JavaThread "Reference Handler" daemon [_thread_blocked, id=17276, stack(0x000000b400000000,0x000000b400100000)]
  0x000001f34175b800 JavaThread "Finalizer" daemon [_thread_blocked, id=21160, stack(0x000000b400100000,0x000000b400200000)]
  0x000001f34176b690 JavaThread "Signal Dispatcher" daemon [_thread_blocked, id=6512, stack(0x000000b400200000,0x000000b400300000)]
  0x000001f34176c410 JavaThread "Attach Listener" daemon [_thread_blocked, id=24936, stack(0x000000b400300000,0x000000b400400000)]
  0x000001f3417725d0 JavaThread "Service Thread" daemon [_thread_blocked, id=18936, stack(0x000000b400400000,0x000000b400500000)]
  0x000001f3417715a0 JavaThread "Monitor Deflation Thread" daemon [_thread_blocked, id=21316, stack(0x000000b400500000,0x000000b400600000)]
  0x000001f341773280 JavaThread "C1 CompilerThread0" daemon [_thread_blocked, id=23784, stack(0x000000b400600000,0x000000b400700000)]
  0x000001f34177a000 JavaThread "Sweeper thread" daemon [_thread_blocked, id=15576, stack(0x000000b400700000,0x000000b400800000)]
  0x000001f3419590a0 JavaThread "Common-Cleaner" daemon [_thread_blocked, id=24204, stack(0x000000b400800000,0x000000b400900000)]
  0x000001f3419614e0 JavaThread "C1 CompilerThread1" daemon [_thread_blocked, id=17068, stack(0x000000b400900000,0x000000b400a00000)]
  0x000001f341962c10 JavaThread "C1 CompilerThread2" daemon [_thread_blocked, id=9428, stack(0x000000b400a00000,0x000000b400b00000)]
  0x000001f3419573c0 JavaThread "Monitor Ctrl-Break" daemon [_thread_in_native, id=8812, stack(0x000000b400b00000,0x000000b400c00000)]
  0x000001f341958230 JavaThread "Notification Thread" daemon [_thread_blocked, id=11800, stack(0x000000b400c00000,0x000000b400d00000)]
  0x000001f341957890 JavaThread "RMI TCP Accept-0" daemon [_thread_in_native, id=15548, stack(0x000000b400d00000,0x000000b400e00000)]
  0x000001f3873fb4e0 JavaThread "C1 CompilerThread3" daemon [_thread_blocked, id=25780, stack(0x000000b400f00000,0x000000b401000000)]
  0x000001f34195a8b0 JavaThread "Catalina-utility-1" [_thread_blocked, id=6564, stack(0x000000b401900000,0x000000b401a00000)]
  0x000001f341958700 JavaThread "Catalina-utility-2" [_thread_blocked, id=15664, stack(0x000000b401a00000,0x000000b401b00000)]
  0x000001f341958bd0 JavaThread "container-0" [_thread_blocked, id=13104, stack(0x000000b401b00000,0x000000b401c00000)]
  0x000001f341959a40 JavaThread "oracle.jdbc.diagnostics.Diagnostic.CLOCK" daemon [_thread_blocked, id=4612, stack(0x000000b401c00000,0x000000b401d00000)]
  0x000001f341957d60 JavaThread "oracle.jdbc.driver.BlockSource.ThreadedCachingBlockSource.BlockReleaser" daemon [_thread_blocked, id=2372, stack(0x000000b401d00000,0x000000b401e00000)]
  0x000001f341959570 JavaThread "InterruptTimer" daemon [_thread_blocked, id=23596, stack(0x000000b401f00000,0x000000b402000000)]
  0x000001f341959f10 JavaThread "OJDBC-WORKER-THREAD-1" daemon [_thread_blocked, id=7808, stack(0x000000b402000000,0x000000b402100000)]
  0x000001f34195a3e0 JavaThread "http-nio-8080-exec-1" daemon [_thread_blocked, id=5444, stack(0x000000b402100000,0x000000b402200000)]
  0x000001f341956ef0 JavaThread "http-nio-8080-exec-2" daemon [_thread_blocked, id=332, stack(0x000000b402200000,0x000000b402300000)]
  0x000001f388398150 JavaThread "http-nio-8080-exec-3" daemon [_thread_blocked, id=2448, stack(0x000000b402300000,0x000000b402400000)]
  0x000001f388394790 JavaThread "http-nio-8080-exec-4" daemon [_thread_blocked, id=10720, stack(0x000000b402400000,0x000000b402500000)]
  0x000001f3883977b0 JavaThread "http-nio-8080-exec-5" daemon [_thread_blocked, id=18204, stack(0x000000b402500000,0x000000b402600000)]
  0x000001f388398af0 JavaThread "http-nio-8080-exec-6" daemon [_thread_blocked, id=18356, stack(0x000000b402600000,0x000000b402700000)]
  0x000001f388395600 JavaThread "http-nio-8080-exec-7" daemon [_thread_blocked, id=1916, stack(0x000000b402700000,0x000000b402800000)]
  0x000001f388395ad0 JavaThread "http-nio-8080-exec-8" daemon [_thread_blocked, id=7108, stack(0x000000b402800000,0x000000b402900000)]
  0x000001f3883942c0 JavaThread "http-nio-8080-exec-9" daemon [_thread_blocked, id=23780, stack(0x000000b402900000,0x000000b402a00000)]
  0x000001f388395130 JavaThread "http-nio-8080-exec-10" daemon [_thread_blocked, id=7072, stack(0x000000b402a00000,0x000000b402b00000)]
  0x000001f388399490 JavaThread "http-nio-8080-Poller" daemon [_thread_in_native, id=9708, stack(0x000000b402b00000,0x000000b402c00000)]
  0x000001f388399e30 JavaThread "http-nio-8080-Acceptor" daemon [_thread_blocked, id=24276, stack(0x000000b402c00000,0x000000b402d00000)]

Other Threads:
=>0x000001f341754010 VMThread "VM Thread" [stack: 0x000000b47ff00000,0x000000b480000000] [id=308]
  0x000001f3871a4150 WatcherThread [stack: 0x000000b400e00000,0x000000b400f00000] [id=21052]
  0x000001f328b9e780 GCTaskThread "GC Thread#0" [stack: 0x000000b47fa00000,0x000000b47fb00000] [id=16160]
  0x000001f387418ee0 GCTaskThread "GC Thread#1" [stack: 0x000000b401000000,0x000000b401100000] [id=16000]
  0x000001f387419190 GCTaskThread "GC Thread#2" [stack: 0x000000b401100000,0x000000b401200000] [id=6464]
  0x000001f387466a70 GCTaskThread "GC Thread#3" [stack: 0x000000b401200000,0x000000b401300000] [id=21140]
  0x000001f387466d20 GCTaskThread "GC Thread#4" [stack: 0x000000b401300000,0x000000b401400000] [id=11148]
  0x000001f387466fd0 GCTaskThread "GC Thread#5" [stack: 0x000000b401400000,0x000000b401500000] [id=22468]
  0x000001f387498a30 GCTaskThread "GC Thread#6" [stack: 0x000000b401500000,0x000000b401600000] [id=9184]
  0x000001f387498ce0 GCTaskThread "GC Thread#7" [stack: 0x000000b401600000,0x000000b401700000] [id=12596]
  0x000001f32ac95530 ConcurrentGCThread "G1 Main Marker" [stack: 0x000000b47fb00000,0x000000b47fc00000] [id=22888]
  0x000001f32ac95d50 ConcurrentGCThread "G1 Conc#0" [stack: 0x000000b47fc00000,0x000000b47fd00000] [id=12692]
  0x000001f387c96120 ConcurrentGCThread "G1 Conc#1" [stack: 0x000000b401800000,0x000000b401900000] [id=9144]
  0x000001f3416134e0 ConcurrentGCThread "G1 Refine#0" [stack: 0x000000b47fd00000,0x000000b47fe00000] [id=21068]
  0x000001f387499410 ConcurrentGCThread "G1 Refine#1" [stack: 0x000000b401700000,0x000000b401800000] [id=3292]
  0x000001f341613e10 ConcurrentGCThread "G1 Service" [stack: 0x000000b47fe00000,0x000000b47ff00000] [id=784]

Threads with active compile tasks:

VM state: at safepoint (normal execution)

VM Mutex/Monitor currently owned by a thread:  ([mutex/lock_event])
[0x000001f32ac1a410] Threads_lock - owner thread: 0x000001f341754010
[0x000001f32ac19330] Heap_lock - owner thread: 0x000001f388399e30

Heap address: 0x0000000702400000, size: 4060 MB, Compressed Oops mode: Zero based, Oop shift amount: 3

CDS archive(s) mapped at: [0x000001f342000000-0x000001f342bd0000-0x000001f342bd0000), size 12386304, SharedBaseAddress: 0x000001f342000000, ArchiveRelocationMode: 1.
Compressed class space mapped at: 0x000001f343000000-0x000001f383000000, reserved size: 1073741824
Narrow klass base: 0x000001f342000000, Narrow klass shift: 0, Narrow klass range: 0x100000000

GC Precious Log:
 CPUs: 8 total, 8 available
 Memory: 16235M
 Large Page Support: Disabled
 NUMA Support: Disabled
 Compressed Oops: Enabled (Zero based)
 Heap Region Size: 2M
 Heap Min Capacity: 8M
 Heap Initial Capacity: 254M
 Heap Max Capacity: 4060M
 Pre-touch: Disabled
 Parallel Workers: 8
 Concurrent Workers: 2
 Concurrent Refinement Workers: 8
 Periodic GC: Disabled

Heap:
 garbage-first heap   total 49152K, used 18052K [0x0000000702400000, 0x0000000800000000)
  region size 2048K, 1 young (2048K), 1 survivors (2048K)
 Metaspace       used 35414K, committed 35840K, reserved 1114112K
  class space    used 4598K, committed 4800K, reserved 1048576K

Heap Regions: E=young(eden), S=young(survivor), O=old, HS=humongous(starts), HC=humongous(continues), CS=collection set, F=free, OA=open archive, CA=closed archive, TAMS=top-at-mark-start (previous, next)
|   0|0x0000000702400000, 0x0000000702600000, 0x0000000702600000|100%| O|  |TAMS 0x0000000702600000, 0x0000000702400000| Untracked 
|   1|0x0000000702600000, 0x0000000702800000, 0x0000000702800000|100%| O|  |TAMS 0x0000000702800000, 0x0000000702600000| Untracked 
|   2|0x0000000702800000, 0x0000000702a00000, 0x0000000702a00000|100%| O|  |TAMS 0x0000000702800000, 0x0000000702800000| Untracked 
|   3|0x0000000702a00000, 0x0000000702c00000, 0x0000000702c00000|100%| O|  |TAMS 0x0000000702a00000, 0x0000000702a00000| Untracked 
|   4|0x0000000702c00000, 0x0000000702c18200, 0x0000000702e00000|  4%| O|  |TAMS 0x0000000702c00000, 0x0000000702c00000| Untracked 
|   5|0x0000000702e00000, 0x0000000702e00000, 0x0000000703000000|  0%| F|  |TAMS 0x0000000702e00000, 0x0000000702e00000| Untracked 
|   6|0x0000000703000000, 0x0000000703000000, 0x0000000703200000|  0%| F|  |TAMS 0x0000000703000000, 0x0000000703000000| Untracked 
|   7|0x0000000703200000, 0x0000000703200000, 0x0000000703400000|  0%| F|  |TAMS 0x0000000703200000, 0x0000000703200000| Untracked 
|   8|0x0000000703400000, 0x0000000703600000, 0x0000000703600000|100%| O|  |TAMS 0x0000000703400000, 0x0000000703400000| Untracked 
|   9|0x0000000703600000, 0x0000000703800000, 0x0000000703800000|100%| O|  |TAMS 0x0000000703600000, 0x0000000703600000| Untracked 
|  10|0x0000000703800000, 0x0000000703a00000, 0x0000000703a00000|100%| O|  |TAMS 0x0000000703800000, 0x0000000703800000| Untracked 
|  11|0x0000000703a00000, 0x0000000703c00000, 0x0000000703c00000|100%| O|  |TAMS 0x0000000703a00000, 0x0000000703a00000| Untracked 
|  12|0x0000000703c00000, 0x0000000703c00000, 0x0000000703e00000|  0%| F|  |TAMS 0x0000000703c00000, 0x0000000703c00000| Untracked 
|  13|0x0000000703e00000, 0x0000000703e00000, 0x0000000704000000|  0%| F|  |TAMS 0x0000000703e00000, 0x0000000703e00000| Untracked 
|  14|0x0000000704000000, 0x0000000704000000, 0x0000000704200000|  0%| F|  |TAMS 0x0000000704000000, 0x0000000704000000| Untracked 
|  15|0x0000000704200000, 0x0000000704388e38, 0x0000000704400000| 76%| S|CS|TAMS 0x0000000704200000, 0x0000000704200000| Complete 
|  16|0x0000000704400000, 0x0000000704400000, 0x0000000704600000|  0%| F|  |TAMS 0x0000000704400000, 0x0000000704400000| Untracked 
|  17|0x0000000704600000, 0x0000000704600000, 0x0000000704800000|  0%| F|  |TAMS 0x0000000704600000, 0x0000000704600000| Untracked 
|  18|0x0000000704800000, 0x0000000704800000, 0x0000000704a00000|  0%| F|  |TAMS 0x0000000704800000, 0x0000000704800000| Untracked 
|  19|0x0000000704a00000, 0x0000000704a00000, 0x0000000704c00000|  0%| F|  |TAMS 0x0000000704a00000, 0x0000000704a00000| Untracked 
|  98|0x000000070e800000, 0x000000070e800000, 0x000000070ea00000|  0%| F|  |TAMS 0x000000070e800000, 0x000000070e800000| Untracked 
|  99|0x000000070ea00000, 0x000000070ea00000, 0x000000070ec00000|  0%| F|  |TAMS 0x000000070ea00000, 0x000000070ea00000| Untracked 
| 100|0x000000070ec00000, 0x000000070ec00000, 0x000000070ee00000|  0%| F|  |TAMS 0x000000070ec00000, 0x000000070ec00000| Untracked 
| 126|0x0000000712000000, 0x0000000712000000, 0x0000000712200000|  0%| F|  |TAMS 0x0000000712000000, 0x0000000712000000| Untracked 

Card table byte_map: [0x000001f335dc0000,0x000001f3365b0000] _byte_map_base: 0x000001f3325ae000

Marking Bits (Prev, Next): (CMBitMap*) 0x000001f32ac850c0, (CMBitMap*) 0x000001f32ac85080
 Prev Bits: [0x000001f33ad10000, 0x000001f33ec80000)
 Next Bits: [0x000001f336da0000, 0x000001f33ad10000)

Polling page: 0x000001f32a3f0000

Metaspace:

Usage:
  Non-class:     30.09 MB used.
      Class:      4.49 MB used.
       Both:     34.58 MB used.

Virtual space:
  Non-class space:       64.00 MB reserved,      30.31 MB ( 47%) committed,  1 nodes.
      Class space:        1.00 GB reserved,       4.69 MB ( <1%) committed,  1 nodes.
             Both:        1.06 GB reserved,      35.00 MB (  3%) committed. 

Chunk freelists:
   Non-Class:  1.39 MB
       Class:  11.28 MB
        Both:  12.67 MB

MaxMetaspaceSize: unlimited
CompressedClassSpaceSize: 1.00 GB
Initial GC threshold: 21.00 MB
Current GC threshold: 35.25 MB
CDS: on
MetaspaceReclaimPolicy: balanced
 - commit_granule_bytes: 65536.
 - commit_granule_words: 8192.
 - virtual_space_node_default_size: 8388608.
 - enlarge_chunks_in_place: 1.
 - new_chunks_are_fully_committed: 0.
 - uncommit_free_chunks: 1.
 - use_allocation_guard: 0.
 - handle_deallocations: 1.


Internal statistics:

num_allocs_failed_limit: 3.
num_arena_births: 630.
num_arena_deaths: 0.
num_vsnodes_births: 2.
num_vsnodes_deaths: 0.
num_space_committed: 560.
num_space_uncommitted: 0.
num_chunks_returned_to_freelist: 3.
num_chunks_taken_from_freelist: 1886.
num_chunk_merges: 3.
num_chunk_splits: 1283.
num_chunks_enlarged: 926.
num_purges: 0.
num_inconsistent_stats: 0.

CodeCache: size=49152Kb used=9624Kb max_used=9624Kb free=39528Kb
 bounds [0x000001f3324c0000, 0x000001f332e30000, 0x000001f3354c0000]
 total_blobs=4811 nmethods=4215 adapters=519
 compilation: enabled
              stopped_count=0, restarted_count=0
 full_count=0

Compilation events (20 events):
Event: 3.138 Thread 0x000001f341962c10 nmethod 4203 0x000001f332e1e390 code [0x000001f332e1e520, 0x000001f332e1e638]
Event: 3.138 Thread 0x000001f341773280 nmethod 4205 0x000001f332e1e710 code [0x000001f332e1e8a0, 0x000001f332e1e958]
Event: 3.138 Thread 0x000001f341962c10 4207       1       java.util.regex.Pattern::range (294 bytes)
Event: 3.138 Thread 0x000001f341773280 4208       1       java.util.regex.Pattern::read (33 bytes)
Event: 3.138 Thread 0x000001f3419614e0 nmethod 4204 0x000001f332e1ea10 code [0x000001f332e1eba0, 0x000001f332e1ecb8]
Event: 3.138 Thread 0x000001f3419614e0 4209       1       java.util.regex.Pattern::bitsOrSingle (106 bytes)
Event: 3.138 Thread 0x000001f341773280 nmethod 4208 0x000001f332e1f090 code [0x000001f332e1f220, 0x000001f332e1f368]
Event: 3.138 Thread 0x000001f341773280 4210       1       java.util.regex.Pattern$BitClass::add (97 bytes)
Event: 3.139 Thread 0x000001f3419614e0 nmethod 4209 0x000001f332e1f490 code [0x000001f332e1f640, 0x000001f332e1f858]
Event: 3.139 Thread 0x000001f3419614e0 4211       1       java.util.regex.Pattern$TreeInfo::reset (21 bytes)
Event: 3.139 Thread 0x000001f3419614e0 nmethod 4211 0x000001f332e1f910 code [0x000001f332e1faa0, 0x000001f332e1fb78]
Event: 3.139 Thread 0x000001f341773280 nmethod 4210 0x000001f332e1fc10 code [0x000001f332e1fde0, 0x000001f332e20118]
Event: 3.139 Thread 0x000001f341962c10 nmethod 4207 0x000001f332e20390 code [0x000001f332e206c0, 0x000001f332e21348]
Event: 3.140 Thread 0x000001f3873fb4e0 nmethod 4206 0x000001f332e21a90 code [0x000001f332e21e60, 0x000001f332e23558]
Event: 6.726 Thread 0x000001f3873fb4e0 4212       1       java.util.regex.Pattern::newCharProperty (39 bytes)
Event: 6.726 Thread 0x000001f3873fb4e0 nmethod 4212 0x000001f332e23f10 code [0x000001f332e240e0, 0x000001f332e24558]
Event: 6.727 Thread 0x000001f3873fb4e0 4213       1       java.time.format.DateTimeFormatterBuilder::appendInternal (94 bytes)
Event: 6.727 Thread 0x000001f3873fb4e0 nmethod 4213 0x000001f332e24910 code [0x000001f332e24ae0, 0x000001f332e24d98]
Event: 6.729 Thread 0x000001f341773280 4214       1       java.util.regex.Pattern::skip (23 bytes)
Event: 6.729 Thread 0x000001f341773280 nmethod 4214 0x000001f332e24f90 code [0x000001f332e25120, 0x000001f332e25218]

GC Heap History (15 events):
Event: 0.767 GC heap before
{Heap before GC invocations=0 (full 0):
 garbage-first heap   total 260096K, used 22528K [0x0000000702400000, 0x0000000800000000)
  region size 2048K, 11 young (22528K), 0 survivors (0K)
 Metaspace       used 8353K, committed 8576K, reserved 1114112K
  class space    used 1109K, committed 1216K, reserved 1048576K
}
Event: 0.773 GC heap after
{Heap after GC invocations=1 (full 0):
 garbage-first heap   total 260096K, used 5593K [0x0000000702400000, 0x0000000800000000)
  region size 2048K, 2 young (4096K), 2 survivors (4096K)
 Metaspace       used 8353K, committed 8576K, reserved 1114112K
  class space    used 1109K, committed 1216K, reserved 1048576K
}
Event: 1.365 GC heap before
{Heap before GC invocations=1 (full 0):
 garbage-first heap   total 260096K, used 28121K [0x0000000702400000, 0x0000000800000000)
  region size 2048K, 13 young (26624K), 2 survivors (4096K)
 Metaspace       used 13253K, committed 13504K, reserved 1114112K
  class space    used 1774K, committed 1856K, reserved 1048576K
}
Event: 1.370 GC heap after
{Heap after GC invocations=2 (full 0):
 garbage-first heap   total 260096K, used 7246K [0x0000000702400000, 0x0000000800000000)
  region size 2048K, 1 young (2048K), 1 survivors (2048K)
 Metaspace       used 13253K, committed 13504K, reserved 1114112K
  class space    used 1774K, committed 1856K, reserved 1048576K
}
Event: 2.034 GC heap before
{Heap before GC invocations=2 (full 0):
 garbage-first heap   total 260096K, used 54350K [0x0000000702400000, 0x0000000800000000)
  region size 2048K, 26 young (53248K), 1 survivors (2048K)
 Metaspace       used 21138K, committed 21504K, reserved 1114112K
  class space    used 2881K, committed 3072K, reserved 1048576K
}
Event: 2.038 GC heap after
{Heap after GC invocations=3 (full 0):
 garbage-first heap   total 260096K, used 10568K [0x0000000702400000, 0x0000000800000000)
  region size 2048K, 3 young (6144K), 3 survivors (6144K)
 Metaspace       used 21138K, committed 21504K, reserved 1114112K
  class space    used 2881K, committed 3072K, reserved 1048576K
}
Event: 2.330 GC heap before
{Heap before GC invocations=4 (full 0):
 garbage-first heap   total 49152K, used 35144K [0x0000000702400000, 0x0000000800000000)
  region size 2048K, 16 young (32768K), 3 survivors (6144K)
 Metaspace       used 25331K, committed 25728K, reserved 1114112K
  class space    used 3463K, committed 3648K, reserved 1048576K
}
Event: 2.334 GC heap after
{Heap after GC invocations=5 (full 0):
 garbage-first heap   total 49152K, used 13406K [0x0000000702400000, 0x0000000800000000)
  region size 2048K, 4 young (8192K), 4 survivors (8192K)
 Metaspace       used 25331K, committed 25728K, reserved 1114112K
  class space    used 3463K, committed 3648K, reserved 1048576K
}
Event: 2.357 GC heap before
{Heap before GC invocations=5 (full 0):
 garbage-first heap   total 49152K, used 15454K [0x0000000702400000, 0x0000000800000000)
  region size 2048K, 5 young (10240K), 4 survivors (8192K)
 Metaspace       used 25731K, committed 26176K, reserved 1114112K
  class space    used 3500K, committed 3712K, reserved 1048576K
}
Event: 2.361 GC heap after
{Heap after GC invocations=6 (full 0):
 garbage-first heap   total 49152K, used 14294K [0x0000000702400000, 0x0000000800000000)
  region size 2048K, 1 young (2048K), 1 survivors (2048K)
 Metaspace       used 25731K, committed 26176K, reserved 1114112K
  class space    used 3500K, committed 3712K, reserved 1048576K
}
Event: 2.639 GC heap before
{Heap before GC invocations=6 (full 0):
 garbage-first heap   total 49152K, used 30678K [0x0000000702400000, 0x0000000800000000)
  region size 2048K, 9 young (18432K), 1 survivors (2048K)
 Metaspace       used 31661K, committed 32128K, reserved 1114112K
  class space    used 4106K, committed 4352K, reserved 1048576K
}
Event: 2.640 GC heap after
{Heap after GC invocations=7 (full 0):
 garbage-first heap   total 49152K, used 14649K [0x0000000702400000, 0x0000000800000000)
  region size 2048K, 1 young (2048K), 1 survivors (2048K)
 Metaspace       used 31661K, committed 32128K, reserved 1114112K
  class space    used 4106K, committed 4352K, reserved 1048576K
}
Event: 2.815 GC heap before
{Heap before GC invocations=7 (full 0):
 garbage-first heap   total 49152K, used 33081K [0x0000000702400000, 0x0000000800000000)
  region size 2048K, 10 young (20480K), 1 survivors (2048K)
 Metaspace       used 33276K, committed 33792K, reserved 1114112K
  class space    used 4308K, committed 4544K, reserved 1048576K
}
Event: 2.817 GC heap after
{Heap after GC invocations=8 (full 0):
 garbage-first heap   total 49152K, used 16662K [0x0000000702400000, 0x0000000800000000)
  region size 2048K, 2 young (4096K), 2 survivors (4096K)
 Metaspace       used 33276K, committed 33792K, reserved 1114112K
  class space    used 4308K, committed 4544K, reserved 1048576K
}
Event: 6.765 GC heap before
{Heap before GC invocations=8 (full 0):
 garbage-first heap   total 49152K, used 33046K [0x0000000702400000, 0x0000000800000000)
  region size 2048K, 10 young (20480K), 2 survivors (4096K)
 Metaspace       used 35414K, committed 35840K, reserved 1114112K
  class space    used 4598K, committed 4800K, reserved 1048576K
}

Deoptimization events (18 events):
Event: 1.411 Thread 0x000001f32ac1d980 DEOPT PACKING pc=0x000001f332a6a3f9 sp=0x000000b47f9fd610
Event: 1.411 Thread 0x000001f32ac1d980 DEOPT UNPACKING pc=0x000001f332512b43 sp=0x000000b47f9fcaf0 mode 3
Event: 1.556 Thread 0x000001f32ac1d980 DEOPT PACKING pc=0x000001f332ad0cd5 sp=0x000000b47f9fe820
Event: 1.556 Thread 0x000001f32ac1d980 DEOPT UNPACKING pc=0x000001f332512b43 sp=0x000000b47f9fdcc8 mode 3
Event: 2.142 Thread 0x000001f32ac1d980 DEOPT PACKING pc=0x000001f332c5aac6 sp=0x000000b47f9fbe40
Event: 2.142 Thread 0x000001f32ac1d980 DEOPT UNPACKING pc=0x000001f332512b43 sp=0x000000b47f9fb3d8 mode 0
Event: 2.298 Thread 0x000001f32ac1d980 DEOPT PACKING pc=0x000001f332cbcf65 sp=0x000000b47f9fc910
Event: 2.298 Thread 0x000001f32ac1d980 DEOPT UNPACKING pc=0x000001f332512b43 sp=0x000000b47f9fbe78 mode 3
Event: 2.308 Thread 0x000001f32ac1d980 DEOPT PACKING pc=0x000001f332a93909 sp=0x000000b47f9fe9d0
Event: 2.308 Thread 0x000001f32ac1d980 DEOPT UNPACKING pc=0x000001f332512b43 sp=0x000000b47f9fde60 mode 3
Event: 2.309 Thread 0x000001f341958700 DEOPT PACKING pc=0x000001f332a5fe9f sp=0x000000b401afebe0
Event: 2.309 Thread 0x000001f341958700 DEOPT UNPACKING pc=0x000001f332512b43 sp=0x000000b401afe038 mode 3
Event: 2.673 Thread 0x000001f32ac1d980 DEOPT PACKING pc=0x000001f332a824d2 sp=0x000000b47f9f98b0
Event: 2.673 Thread 0x000001f32ac1d980 DEOPT UNPACKING pc=0x000001f332512b43 sp=0x000000b47f9f8db8 mode 3
Event: 2.673 Thread 0x000001f32ac1d980 DEOPT PACKING pc=0x000001f332a5ae65 sp=0x000000b47f9f9870
Event: 2.674 Thread 0x000001f32ac1d980 DEOPT UNPACKING pc=0x000001f332512b43 sp=0x000000b47f9f8db8 mode 3
Event: 2.700 Thread 0x000001f32ac1d980 DEOPT PACKING pc=0x000001f332d75679 sp=0x000000b47f9fb560
Event: 2.700 Thread 0x000001f32ac1d980 DEOPT UNPACKING pc=0x000001f332512b43 sp=0x000000b47f9faa40 mode 3

Classes unloaded (0 events):
No events

Classes redefined (0 events):
No events

Internal exceptions (20 events):
Event: 2.281 Thread 0x000001f32ac1d980 Exception <a 'java/lang/NoSuchMethodError'{0x00000007038e04a8}: 'int java.lang.invoke.DirectMethodHandle$Holder.invokeInterface(java.lang.Object, java.lang.Object, java.lang.Object, java.lang.Object)'> (0x00000007038e04a8) 
thrown [s\open\src\hotspot\share\interpreter\linkResolver.cpp, line 759]
Event: 2.301 Thread 0x000001f32ac1d980 Exception <a 'java/lang/NoSuchMethodError'{0x000000070369da10}: 'long java.lang.invoke.DirectMethodHandle$Holder.invokeVirtual(java.lang.Object, java.lang.Object)'> (0x000000070369da10) 
thrown [s\open\src\hotspot\share\interpreter\linkResolver.cpp, line 759]
Event: 2.352 Thread 0x000001f32ac1d980 Exception <a 'java/lang/NoSuchMethodError'{0x000000071217bf90}: 'void java.lang.invoke.DirectMethodHandle$Holder.invokeStaticInit(java.lang.Object)'> (0x000000071217bf90) 
thrown [s\open\src\hotspot\share\interpreter\linkResolver.cpp, line 759]
Event: 2.372 Thread 0x000001f32ac1d980 Exception <a 'java/lang/NoClassDefFoundError'{0x000000071212a510}: oracle/security/pki/OraclePKIProvider> (0x000000071212a510) 
thrown [s\open\src\hotspot\share\classfile\systemDictionary.cpp, line 245]
Event: 2.401 Thread 0x000001f32ac1d980 Exception <a 'java/lang/NoSuchMethodError'{0x000000070eb76c58}: 'java.lang.Object java.lang.invoke.DirectMethodHandle$Holder.invokeStaticInit(java.lang.Object, java.lang.Object, java.lang.Object, java.lang.Object)'> (0x000000070eb76c58) 
thrown [s\open\src\hotspot\share\interpreter\linkResolver.cpp, line 759]
Event: 2.415 Thread 0x000001f32ac1d980 Exception <a 'java/lang/NoClassDefFoundError'{0x000000070e85e178}: oracle/dms/console/DMSConsole> (0x000000070e85e178) 
thrown [s\open\src\hotspot\share\classfile\systemDictionary.cpp, line 245]
Event: 2.415 Thread 0x000001f32ac1d980 Exception <a 'java/lang/reflect/InvocationTargetException'{0x000000070e85ec40}> (0x000000070e85ec40) 
thrown [s\open\src\hotspot\share\runtime\reflection.cpp, line 1121]
Event: 2.445 Thread 0x000001f32ac1d980 Exception <a 'java/lang/NullPointerException'{0x0000000704a6f5c0}> (0x0000000704a6f5c0) 
thrown [s\open\src\hotspot\share\interpreter\linkResolver.cpp, line 1350]
Event: 2.482 Thread 0x000001f32ac1d980 Exception <a 'java/lang/NoSuchMethodError'{0x0000000704bb24d0}: 'java.lang.Object java.lang.invoke.DirectMethodHandle$Holder.invokeVirtual(java.lang.Object, java.lang.Object, int)'> (0x0000000704bb24d0) 
thrown [s\open\src\hotspot\share\interpreter\linkResolver.cpp, line 759]
Event: 2.494 Thread 0x000001f32ac1d980 Exception <a 'sun/nio/fs/WindowsException'{0x000000070484f230}> (0x000000070484f230) 
thrown [s\open\src\hotspot\share\prims\jni.cpp, line 516]
Event: 2.589 Thread 0x000001f32ac1d980 Exception <a 'java/lang/NoSuchMethodError'{0x00000007047afe78}: 'java.lang.Object java.lang.invoke.DirectMethodHandle$Holder.newInvokeSpecial(java.lang.Object, java.lang.Object, int)'> (0x00000007047afe78) 
thrown [s\open\src\hotspot\share\interpreter\linkResolver.cpp, line 759]
Event: 2.592 Thread 0x000001f32ac1d980 Exception <a 'java/lang/NoSuchMethodError'{0x00000007047f46a8}: 'java.lang.Object java.lang.invoke.DirectMethodHandle$Holder.invokeSpecial(java.lang.Object, java.lang.Object, java.lang.Object, int, java.lang.Object, int)'> (0x00000007047f46a8) 
thrown [s\open\src\hotspot\share\interpreter\linkResolver.cpp, line 759]
Event: 2.760 Thread 0x000001f32ac1d980 Exception <a 'java/lang/NoSuchMethodError'{0x000000070498ee70}: 'void java.lang.invoke.DirectMethodHandle$Holder.invokeVirtual(java.lang.Object, java.lang.Object, java.lang.Object, java.lang.Object)'> (0x000000070498ee70) 
thrown [s\open\src\hotspot\share\interpreter\linkResolver.cpp, line 759]
Event: 2.785 Thread 0x000001f32ac1d980 Exception <a 'sun/nio/fs/WindowsException'{0x00000007047f9318}> (0x00000007047f9318) 
thrown [s\open\src\hotspot\share\prims\jni.cpp, line 516]
Event: 2.813 Thread 0x000001f32ac1d980 Exception <a 'java/lang/NoSuchMethodError'{0x00000007043c52d0}: 'void java.lang.invoke.DirectMethodHandle$Holder.invokeVirtual(java.lang.Object, java.lang.Object, long)'> (0x00000007043c52d0) 
thrown [s\open\src\hotspot\share\interpreter\linkResolver.cpp, line 759]
Event: 2.883 Thread 0x000001f32ac1d980 Exception <a 'java/lang/IncompatibleClassChangeError'{0x000000070e856c10}: Found class java.lang.Object, but interface was expected> (0x000000070e856c10) 
thrown [s\open\src\hotspot\share\interpreter\linkResolver.cpp, line 826]
Event: 2.898 Thread 0x000001f32ac1d980 Exception <a 'java/lang/NoSuchMethodError'{0x000000070e999a70}: 'int java.lang.invoke.DirectMethodHandle$Holder.invokeStaticInit(java.lang.Object, java.lang.Object, java.lang.Object, java.lang.Object)'> (0x000000070e999a70) 
thrown [s\open\src\hotspot\share\interpreter\linkResolver.cpp, line 759]
Event: 2.994 Thread 0x000001f32ac1d980 Exception <a 'java/lang/NoSuchMethodError'{0x000000070469c788}: 'java.lang.Object java.lang.invoke.DirectMethodHandle$Holder.newInvokeSpecial(java.lang.Object, java.lang.Object, int, java.lang.Object, java.lang.Object)'> (0x000000070469c788) 
thrown [s\open\src\hotspot\share\interpreter\linkResolver.cpp, line 759]
Event: 2.995 Thread 0x000001f32ac1d980 Exception <a 'java/lang/NoSuchMethodError'{0x00000007046a7c10}: 'java.lang.Object java.lang.invoke.DirectMethodHandle$Holder.invokeSpecial(java.lang.Object, java.lang.Object, int, java.lang.Object, int, java.lang.Object)'> (0x00000007046a7c10) 
thrown [s\open\src\hotspot\share\interpreter\linkResolver.cpp, line 759]
Event: 2.995 Thread 0x000001f32ac1d980 Exception <a 'java/lang/NoSuchMethodError'{0x00000007046af8f8}: 'java.lang.Object java.lang.invoke.DirectMethodHandle$Holder.newInvokeSpecial(java.lang.Object, java.lang.Object, int, java.lang.Object, int)'> (0x00000007046af8f8) 
thrown [s\open\src\hotspot\share\interpreter\linkResolver.cpp, line 759]

VM Operations (20 events):
Event: 2.497 Executing VM operation: HandshakeAllThreads done
Event: 2.639 Executing VM operation: G1CollectForAllocation
Event: 2.640 Executing VM operation: G1CollectForAllocation done
Event: 2.690 Executing VM operation: HandshakeAllThreads
Event: 2.690 Executing VM operation: HandshakeAllThreads done
Event: 2.700 Executing VM operation: HandshakeAllThreads
Event: 2.700 Executing VM operation: HandshakeAllThreads done
Event: 2.736 Executing VM operation: HandshakeAllThreads
Event: 2.736 Executing VM operation: HandshakeAllThreads done
Event: 2.761 Executing VM operation: HandshakeAllThreads
Event: 2.761 Executing VM operation: HandshakeAllThreads done
Event: 2.815 Executing VM operation: G1CollectForAllocation
Event: 2.817 Executing VM operation: G1CollectForAllocation done
Event: 2.864 Executing VM operation: HandshakeAllThreads
Event: 2.864 Executing VM operation: HandshakeAllThreads done
Event: 2.867 Executing VM operation: HandshakeAllThreads
Event: 2.867 Executing VM operation: HandshakeAllThreads done
Event: 3.881 Executing VM operation: Cleanup
Event: 3.881 Executing VM operation: Cleanup done
Event: 6.765 Executing VM operation: G1CollectForAllocation

Events (20 events):
Event: 6.761 loading class sun/net/www/http/KeepAliveKey
Event: 6.761 loading class sun/net/www/http/KeepAliveKey done
Event: 6.761 loading class sun/net/www/http/HttpCapture
Event: 6.761 loading class sun/net/www/http/HttpCapture done
Event: 6.761 loading class sun/net/www/http/HttpCapture$1
Event: 6.761 loading class sun/net/www/http/HttpCapture$1 done
Event: 6.762 loading class java/net/Socket$SocketOutputStream
Event: 6.762 loading class java/net/Socket$SocketOutputStream done
Event: 6.762 loading class sun/nio/ch/NioSocketImpl$2
Event: 6.762 loading class sun/nio/ch/NioSocketImpl$2 done
Event: 6.762 loading class sun/net/www/protocol/http/AuthenticatorKeys
Event: 6.763 loading class sun/net/www/protocol/http/AuthenticatorKeys done
Event: 6.763 loading class sun/net/www/protocol/http/AuthenticationInfo
Event: 6.763 loading class sun/net/www/protocol/http/AuthCacheValue
Event: 6.763 loading class sun/net/www/protocol/http/AuthCacheValue done
Event: 6.763 loading class sun/net/www/protocol/http/AuthenticationInfo done
Event: 6.764 loading class sun/net/www/protocol/http/AuthCacheImpl
Event: 6.764 loading class sun/net/www/protocol/http/AuthCache
Event: 6.764 loading class sun/net/www/protocol/http/AuthCache done
Event: 6.764 loading class sun/net/www/protocol/http/AuthCacheImpl done


Dynamic libraries:
0x00007ff63eb80000 - 0x00007ff63eb90000 	C:\Program Files\Java\jdk-17\bin\java.exe
0x00007ffcfde10000 - 0x00007ffcfe008000 	C:\WINDOWS\SYSTEM32\ntdll.dll
0x00007ffcfdba0000 - 0x00007ffcfdc5f000 	C:\WINDOWS\System32\KERNEL32.DLL
0x00007ffcfba20000 - 0x00007ffcfbd16000 	C:\WINDOWS\System32\KERNELBASE.dll
0x00007ffcfb680000 - 0x00007ffcfb780000 	C:\WINDOWS\System32\ucrtbase.dll
0x00007ffcecc60000 - 0x00007ffcecc7b000 	C:\Program Files\Java\jdk-17\bin\VCRUNTIME140.dll
0x00007ffcf5470000 - 0x00007ffcf5489000 	C:\Program Files\Java\jdk-17\bin\jli.dll
0x00007ffcfd6a0000 - 0x00007ffcfd74f000 	C:\WINDOWS\System32\ADVAPI32.dll
0x00007ffcfdc60000 - 0x00007ffcfdcfe000 	C:\WINDOWS\System32\msvcrt.dll
0x00007ffcfdd30000 - 0x00007ffcfddcc000 	C:\WINDOWS\System32\sechost.dll
0x00007ffcfcc70000 - 0x00007ffcfcd96000 	C:\WINDOWS\System32\RPCRT4.dll
0x00007ffcfd500000 - 0x00007ffcfd69d000 	C:\WINDOWS\System32\USER32.dll
0x00007ffcfb4f0000 - 0x00007ffcfb512000 	C:\WINDOWS\System32\win32u.dll
0x00007ffcdab10000 - 0x00007ffcdadaa000 	C:\WINDOWS\WinSxS\amd64_microsoft.windows.common-controls_6595b64144ccf1df_6.0.19041.1110_none_60b5254171f9507e\COMCTL32.dll
0x00007ffcfc240000 - 0x00007ffcfc26c000 	C:\WINDOWS\System32\GDI32.dll
0x00007ffcfbd50000 - 0x00007ffcfbe65000 	C:\WINDOWS\System32\gdi32full.dll
0x00007ffcfb8f0000 - 0x00007ffcfb98d000 	C:\WINDOWS\System32\msvcp_win.dll
0x00007ffcee440000 - 0x00007ffcee44a000 	C:\WINDOWS\SYSTEM32\VERSION.dll
0x00007ffcfdd00000 - 0x00007ffcfdd30000 	C:\WINDOWS\System32\IMM32.DLL
0x00007ffcf86f0000 - 0x00007ffcf86fc000 	C:\Program Files\Java\jdk-17\bin\vcruntime140_1.dll
0x00007ffce3fd0000 - 0x00007ffce405e000 	C:\Program Files\Java\jdk-17\bin\msvcp140.dll
0x00007ffca3440000 - 0x00007ffca401e000 	C:\Program Files\Java\jdk-17\bin\server\jvm.dll
0x00007ffcfc7a0000 - 0x00007ffcfc7a8000 	C:\WINDOWS\System32\PSAPI.DLL
0x00007ffcdadb0000 - 0x00007ffcdadd7000 	C:\WINDOWS\SYSTEM32\WINMM.dll
0x00007ffceac40000 - 0x00007ffceac49000 	C:\WINDOWS\SYSTEM32\WSOCK32.dll
0x00007ffcfd980000 - 0x00007ffcfd9eb000 	C:\WINDOWS\System32\WS2_32.dll
0x00007ffcf9ea0000 - 0x00007ffcf9eb2000 	C:\WINDOWS\SYSTEM32\kernel.appcore.dll
0x00007ffcf8680000 - 0x00007ffcf868a000 	C:\Program Files\Java\jdk-17\bin\jimage.dll
0x00007ffcf9170000 - 0x00007ffcf9354000 	C:\WINDOWS\SYSTEM32\DBGHELP.DLL
0x00007ffcecf90000 - 0x00007ffcecfc4000 	C:\WINDOWS\SYSTEM32\dbgcore.DLL
0x00007ffcfb990000 - 0x00007ffcfba12000 	C:\WINDOWS\System32\bcryptPrimitives.dll
0x00007ffcf86d0000 - 0x00007ffcf86de000 	C:\Program Files\Java\jdk-17\bin\instrument.dll
0x00007ffcebb30000 - 0x00007ffcebb55000 	C:\Program Files\Java\jdk-17\bin\java.dll
0x00007ffcdd180000 - 0x00007ffcdd257000 	C:\Program Files\Java\jdk-17\bin\jsvml.dll
0x00007ffcfcda0000 - 0x00007ffcfd4e4000 	C:\WINDOWS\System32\SHELL32.dll
0x00007ffcf9380000 - 0x00007ffcf9b13000 	C:\WINDOWS\SYSTEM32\windows.storage.dll
0x00007ffcfbed0000 - 0x00007ffcfc224000 	C:\WINDOWS\System32\combase.dll
0x00007ffcfad80000 - 0x00007ffcfadae000 	C:\WINDOWS\SYSTEM32\Wldp.dll
0x00007ffcfcb30000 - 0x00007ffcfcbdd000 	C:\WINDOWS\System32\SHCORE.dll
0x00007ffcfc270000 - 0x00007ffcfc2c5000 	C:\WINDOWS\System32\shlwapi.dll
0x00007ffcfb430000 - 0x00007ffcfb44f000 	C:\WINDOWS\SYSTEM32\profapi.dll
0x00007ffceb030000 - 0x00007ffceb048000 	C:\Program Files\Java\jdk-17\bin\zip.dll
0x00007ffcebc90000 - 0x00007ffcebca9000 	C:\Program Files\Java\jdk-17\bin\net.dll
0x00007ffcf3940000 - 0x00007ffcf3a4a000 	C:\WINDOWS\SYSTEM32\WINHTTP.dll
0x00007ffcfab60000 - 0x00007ffcfabca000 	C:\WINDOWS\system32\mswsock.dll
0x00007ffceb050000 - 0x00007ffceb066000 	C:\Program Files\Java\jdk-17\bin\nio.dll
0x00007ffcf4ad0000 - 0x00007ffcf4aea000 	C:\Program Files\JetBrains\IntelliJ IDEA 2021.3.1\bin\breakgen64.dll
0x00007ffcfa8b0000 - 0x00007ffcfa97a000 	C:\WINDOWS\SYSTEM32\DNSAPI.dll
0x00007ffcfa870000 - 0x00007ffcfa8ac000 	C:\WINDOWS\SYSTEM32\IPHLPAPI.DLL
0x00007ffcfc230000 - 0x00007ffcfc238000 	C:\WINDOWS\System32\NSI.dll
0x00007ffcef900000 - 0x00007ffcef90a000 	C:\Windows\System32\rasadhlp.dll
0x00007ffcf6730000 - 0x00007ffcf67b2000 	C:\WINDOWS\System32\fwpuclnt.dll
0x00007ffcfbd20000 - 0x00007ffcfbd47000 	C:\WINDOWS\System32\bcrypt.dll
0x00007ffcf86b0000 - 0x00007ffcf86ba000 	C:\Program Files\Java\jdk-17\bin\management.dll
0x00007ffcf6660000 - 0x00007ffcf666b000 	C:\Program Files\Java\jdk-17\bin\management_ext.dll
0x00007ffcfadc0000 - 0x00007ffcfadd8000 	C:\WINDOWS\SYSTEM32\CRYPTSP.dll
0x00007ffcfa4a0000 - 0x00007ffcfa4d4000 	C:\WINDOWS\system32\rsaenh.dll
0x00007ffcfb3f0000 - 0x00007ffcfb41e000 	C:\WINDOWS\SYSTEM32\USERENV.dll
0x00007ffcfacf0000 - 0x00007ffcfacfc000 	C:\WINDOWS\SYSTEM32\CRYPTBASE.dll
0x00007ffcf6200000 - 0x00007ffcf6217000 	C:\WINDOWS\SYSTEM32\dhcpcsvc6.DLL
0x00007ffcf6190000 - 0x00007ffcf61ad000 	C:\WINDOWS\SYSTEM32\dhcpcsvc.DLL
0x00007ffcd5d00000 - 0x00007ffcd5d17000 	C:\WINDOWS\system32\napinsp.dll
0x00007ffcd5d20000 - 0x00007ffcd5d3b000 	C:\WINDOWS\system32\pnrpnsp.dll
0x00007ffcd5d40000 - 0x00007ffcd5d55000 	C:\WINDOWS\system32\wshbth.dll
0x00007ffcf83a0000 - 0x00007ffcf83bd000 	C:\WINDOWS\system32\NLAapi.dll
0x00007ffcd5db0000 - 0x00007ffcd5dc2000 	C:\WINDOWS\System32\winrnr.dll
0x00007ffcf5c50000 - 0x00007ffcf5c5e000 	C:\Program Files\Java\jdk-17\bin\sunmscapi.dll
0x00007ffcfb520000 - 0x00007ffcfb67e000 	C:\WINDOWS\System32\CRYPT32.dll
0x00007ffcfaed0000 - 0x00007ffcfaef8000 	C:\WINDOWS\SYSTEM32\ncrypt.dll
0x00007ffcfae90000 - 0x00007ffcfaecb000 	C:\WINDOWS\SYSTEM32\NTASN1.dll
0x00007ffcf51e0000 - 0x00007ffcf51e7000 	C:\WINDOWS\system32\wshunix.dll

dbghelp: loaded successfully - version: 4.0.5 - missing functions: none
symbol engine: initialized successfully - sym options: 0x614 - pdb path: .;C:\Program Files\Java\jdk-17\bin;C:\WINDOWS\SYSTEM32;C:\WINDOWS\WinSxS\amd64_microsoft.windows.common-controls_6595b64144ccf1df_6.0.19041.1110_none_60b5254171f9507e;C:\Program Files\Java\jdk-17\bin\server;C:\Program Files\JetBrains\IntelliJ IDEA 2021.3.1\bin

VM Arguments:
jvm_args: -XX:TieredStopAtLevel=1 -Xverify:none -Dspring.output.ansi.enabled=always -Dcom.sun.management.jmxremote -Dspring.jmx.enabled=true -Dspring.liveBeansView.mbeanDomain -Dspring.application.admin.enabled=true -javaagent:C:\Program Files\JetBrains\IntelliJ IDEA 2021.3.1\lib\idea_rt.jar=60141:C:\Program Files\JetBrains\IntelliJ IDEA 2021.3.1\bin -Dfile.encoding=UTF-8 
java_command: com.flightagency.FlightAgencyApplication
java_class_path (initial): D:\FlightAgency\target\classes;C:\Users\f.almasian\.m2\repository\org\springframework\boot\spring-boot-starter-web\3.1.5\spring-boot-starter-web-3.1.5.jar;C:\Users\f.almasian\.m2\repository\org\springframework\boot\spring-boot-starter\3.1.5\spring-boot-starter-3.1.5.jar;C:\Users\f.almasian\.m2\repository\org\springframework\boot\spring-boot\3.1.5\spring-boot-3.1.5.jar;C:\Users\f.almasian\.m2\repository\org\springframework\boot\spring-boot-autoconfigure\3.1.5\spring-boot-autoconfigure-3.1.5.jar;C:\Users\f.almasian\.m2\repository\org\springframework\boot\spring-boot-starter-logging\3.1.5\spring-boot-starter-logging-3.1.5.jar;C:\Users\f.almasian\.m2\repository\ch\qos\logback\logback-classic\1.4.11\logback-classic-1.4.11.jar;C:\Users\f.almasian\.m2\repository\ch\qos\logback\logback-core\1.4.11\logback-core-1.4.11.jar;C:\Users\f.almasian\.m2\repository\org\apache\logging\log4j\log4j-to-slf4j\2.20.0\log4j-to-slf4j-2.20.0.jar;C:\Users\f.almasian\.m2\repository\org\apache\logging\log4j\log4j-api\2.20.0\log4j-api-2.20.0.jar;C:\Users\f.almasian\.m2\repository\org\slf4j\jul-to-slf4j\2.0.9\jul-to-slf4j-2.0.9.jar;C:\Users\f.almasian\.m2\repository\jakarta\annotation\jakarta.annotation-api\2.1.1\jakarta.annotation-api-2.1.1.jar;C:\Users\f.almasian\.m2\repository\org\yaml\snakeyaml\1.33\snakeyaml-1.33.jar;C:\Users\f.almasian\.m2\repository\org\springframework\boot\spring-boot-starter-json\3.1.5\spring-boot-starter-json-3.1.5.jar;C:\Users\f.almasian\.m2\repository\com\fasterxml\jackson\core\jackson-databind\2.15.3\jackson-databind-2.15.3.jar;C:\Users\f.almasian\.m2\repository\com\fasterxml\jackson\core\jackson-annotations\2.15.3\jackson-annotations-2.15.3.jar;C:\Users\f.almasian\.m2\repository\com\fasterxml\jackson\core\jackson-core\2.15.3\jackson-core-2.15.3.jar;C:\Users\f.almasian\.m2\repository\com\fasterxml\jackson\datatype\jackson-datatype-jdk8\2.15.3\jackson-datatype-jdk8-2.15.3.jar;C:\Users\f.almasian\.m2\repository\com\fasterxml\jackson\datatype
Launcher Type: SUN_STANDARD

[Global flags]
     intx CICompilerCount                          = 4                                         {product} {ergonomic}
     uint ConcGCThreads                            = 2                                         {product} {ergonomic}
     uint G1ConcRefinementThreads                  = 8                                         {product} {ergonomic}
   size_t G1HeapRegionSize                         = 2097152                                   {product} {ergonomic}
    uintx GCDrainStackTargetSize                   = 64                                        {product} {ergonomic}
   size_t InitialHeapSize                          = 266338304                                 {product} {ergonomic}
     bool ManagementServer                         = true                                      {product} {command line}
   size_t MarkStackSize                            = 4194304                                   {product} {ergonomic}
   size_t MaxHeapSize                              = 4257218560                                {product} {ergonomic}
   size_t MaxNewSize                               = 2554331136                                {product} {ergonomic}
   size_t MinHeapDeltaBytes                        = 2097152                                   {product} {ergonomic}
   size_t MinHeapSize                              = 8388608                                   {product} {ergonomic}
    uintx NonProfiledCodeHeapSize                  = 0                                      {pd product} {ergonomic}
     bool ProfileInterpreter                       = false                                  {pd product} {command line}
    uintx ProfiledCodeHeapSize                     = 0                                      {pd product} {ergonomic}
   size_t SoftMaxHeapSize                          = 4257218560                             {manageable} {ergonomic}
     intx TieredStopAtLevel                        = 1                                         {product} {command line}
     bool UseCompressedClassPointers               = true                           {product lp64_product} {ergonomic}
     bool UseCompressedOops                        = true                           {product lp64_product} {ergonomic}
     bool UseG1GC                                  = true                                      {product} {ergonomic}
     bool UseLargePagesIndividualAllocation        = false                                  {pd product} {ergonomic}

Logging:
Log output configuration:
 #0: stdout all=warning uptime,level,tags
 #1: stderr all=off uptime,level,tags

Environment Variables:
JAVA_HOME=C:\Program Files\Java\jdk-17
CLASSPATH=D:\test
PATH=C:\Program Files\Java\jdk-17\bin;C:\app\product\11.2.0\client_2\bin;C:\app\product\11.2.0\client_1\bin;C:\WINDOWS\system32;C:\WINDOWS;C:\WINDOWS\System32\Wbem;C:\WINDOWS\System32\WindowsPowerShell\v1.0\;C:\WINDOWS\System32\OpenSSH\;C:\Program Files\PuTTY\;C:\Program Files (x86)\PuTTY\;C:\Program Files (x86)\WinSCP\;C:\Program Files\dotnet\;C:\Program Files\Microsoft SQL Server\Client SDK\ODBC\170\Tools\Binn\;C:\Program Files\Microsoft SQL Server\150\Tools\Binn\;C:\Program Files\IBM\MQ\931\bin64;C:\Program Files\IBM\MQ\931\bin;C:\Program Files\IBM\MQ\931\tools\c\samples\bin64;C:\Program Files\IBM\MQ\931\tools\c\samples\bin;C:\Program Files\Git\cmd;C:\Program Files\Docker\Docker\resources\bin;C:\Program Files\ASF\apache-maven-3.9.4\bin;C:\Program Files\ASF\apache-maven-3.9.4\bin;C:\Users\f.almasian\AppData\Local\Microsoft\WindowsApps;C:\Program Files\Java\jdk-17\bin;
USERNAME=F.Almasian
OS=Windows_NT
PROCESSOR_IDENTIFIER=Intel64 Family 6 Model 158 Stepping 13, GenuineIntel



---------------  S Y S T E M  ---------------

OS:
 Windows 10 , 64 bit Build 19041 (10.0.19041.3031)
OS uptime: 45 days 8:28 hours
Hyper-V role detected

CPU: total 8 (initial active 8) (8 cores per cpu, 1 threads per core) family 6 model 158 stepping 13 microcode 0xca, cx8, cmov, fxsr, mmx, 3dnowpref, sse, sse2, sse3, ssse3, sse4.1, sse4.2, popcnt, lzcnt, tsc, tscinvbit, avx, avx2, aes, erms, clmul, bmi1, bmi2, adx, fma, vzeroupper, clflush, clflushopt, hv

Memory: 4k page, system-wide physical 16235M (1575M free)
TotalPageFile size 35435M (AvailPageFile size 38M)
current process WorkingSet (physical memory assigned to process): 144M, peak: 144M
current process commit charge ("private bytes"): 186M, peak: 376M

vm_info: Java HotSpot(TM) 64-Bit Server VM (17.0.8+9-LTS-211) for windows-amd64 JRE (17.0.8+9-LTS-211), built on Jun 14 2023 10:34:31 by "mach5one" with MS VC++ 17.1 (VS2022)

END.
