10:31:47.812 [main] INFO  com.flight.FlightAgencyApplication - Starting FlightAgencyApplication using Java 17.0.8 with PID 9296 (D:\FlightAgency\target\classes started by F.Almasian in D:\FlightAgency)
10:31:47.814 [main] INFO  com.flight.FlightAgencyApplication - No active profile set, falling back to 1 default profile: "default"
10:31:48.312 [main] INFO  o.s.d.r.c.RepositoryConfigurationDelegate - Bootstrapping Spring Data JPA repositories in DEFAULT mode.
10:31:48.387 [main] INFO  o.s.d.r.c.RepositoryConfigurationDelegate - Finished Spring Data repository scanning in 61 ms. Found 4 JPA repository interfaces.
10:31:49.015 [main] INFO  com.flight.FlightAgencyApplication - Starting FlightAgencyApplication using Java 17.0.8 with PID 2296 (D:\FlightAgency\target\classes started by F.Almasian in D:\FlightAgency)
10:31:49.017 [main] INFO  com.flight.FlightAgencyApplication - No active profile set, falling back to 1 default profile: "default"
10:31:49.155 [main] INFO  o.s.b.w.e.tomcat.TomcatWebServer - Tomcat initialized with port(s): 8080 (http)
10:31:49.161 [main] INFO  o.a.coyote.http11.Http11NioProtocol - Initializing ProtocolHandler ["http-nio-8080"]
10:31:49.163 [main] INFO  o.a.catalina.core.StandardService - Starting service [Tomcat]
10:31:49.163 [main] INFO  o.a.catalina.core.StandardEngine - Starting Servlet engine: [Apache Tomcat/10.1.15]
10:31:49.254 [main] INFO  o.a.c.c.C.[Tomcat].[localhost].[/] - Initializing Spring embedded WebApplicationContext
10:31:49.255 [main] INFO  o.s.b.w.s.c.ServletWebServerApplicationContext - Root WebApplicationContext: initialization completed in 1391 ms
10:31:49.354 [main] INFO  o.s.d.r.c.RepositoryConfigurationDelegate - Bootstrapping Spring Data JPA repositories in DEFAULT mode.
10:31:49.392 [main] INFO  com.zaxxer.hikari.HikariDataSource - HikariPool-1 - Starting...
10:31:49.399 [main] INFO  o.s.d.r.c.RepositoryConfigurationDelegate - Finished Spring Data repository scanning in 39 ms. Found 4 JPA repository interfaces.
10:31:49.638 [main] INFO  com.zaxxer.hikari.pool.HikariPool - HikariPool-1 - Added connection oracle.jdbc.driver.T4CConnection@40bf4386
10:31:49.640 [main] INFO  com.zaxxer.hikari.HikariDataSource - HikariPool-1 - Start completed.
10:31:49.669 [main] INFO  o.h.jpa.internal.util.LogHelper - HHH000204: Processing PersistenceUnitInfo [name: default]
10:31:49.716 [main] INFO  org.hibernate.Version - HHH000412: Hibernate ORM core version 6.2.13.Final
10:31:49.718 [main] INFO  org.hibernate.cfg.Environment - HHH000406: Using bytecode reflection optimizer
10:31:49.931 [main] INFO  o.s.b.w.e.tomcat.TomcatWebServer - Tomcat initialized with port(s): 8080 (http)
10:31:49.936 [main] INFO  o.a.coyote.http11.Http11NioProtocol - Initializing ProtocolHandler ["http-nio-8080"]
10:31:49.938 [main] INFO  o.a.catalina.core.StandardService - Starting service [Tomcat]
10:31:49.938 [main] INFO  o.a.catalina.core.StandardEngine - Starting Servlet engine: [Apache Tomcat/10.1.15]
10:31:49.963 [main] INFO  o.s.o.j.p.SpringPersistenceUnitInfo - No LoadTimeWeaver setup: ignoring JPA class transformer
10:31:50.018 [main] INFO  o.a.c.c.C.[Tomcat].[localhost].[/] - Initializing Spring embedded WebApplicationContext
10:31:50.019 [main] INFO  o.s.b.w.s.c.ServletWebServerApplicationContext - Root WebApplicationContext: initialization completed in 959 ms
10:31:50.138 [main] INFO  com.zaxxer.hikari.HikariDataSource - HikariPool-1 - Starting...
10:31:50.333 [main] INFO  com.zaxxer.hikari.pool.HikariPool - HikariPool-1 - Added connection oracle.jdbc.driver.T4CConnection@9b47400
10:31:50.335 [main] INFO  com.zaxxer.hikari.HikariDataSource - HikariPool-1 - Start completed.
10:31:50.359 [main] INFO  o.h.jpa.internal.util.LogHelper - HHH000204: Processing PersistenceUnitInfo [name: default]
10:31:50.391 [main] INFO  org.hibernate.Version - HHH000412: Hibernate ORM core version 6.2.13.Final
10:31:50.392 [main] INFO  org.hibernate.cfg.Environment - HHH000406: Using bytecode reflection optimizer
10:31:50.562 [main] INFO  o.s.o.j.p.SpringPersistenceUnitInfo - No LoadTimeWeaver setup: ignoring JPA class transformer
10:31:50.838 [main] INFO  o.h.e.t.j.p.i.JtaPlatformInitiator - HHH000489: No JTA platform available (set 'hibernate.transaction.jta.platform' to enable JTA platform integration)
10:31:50.841 [main] INFO  o.s.o.j.LocalContainerEntityManagerFactoryBean - Initialized JPA EntityManagerFactory for persistence unit 'default'
10:31:51.316 [main] WARN  o.s.b.a.o.j.JpaBaseConfiguration$JpaWebConfiguration - spring.jpa.open-in-view is enabled by default. Therefore, database queries may be performed during view rendering. Explicitly configure spring.jpa.open-in-view to disable this warning
10:31:51.589 [main] INFO  o.h.e.t.j.p.i.JtaPlatformInitiator - HHH000489: No JTA platform available (set 'hibernate.transaction.jta.platform' to enable JTA platform integration)
10:31:51.592 [main] INFO  o.s.o.j.LocalContainerEntityManagerFactoryBean - Initialized JPA EntityManagerFactory for persistence unit 'default'
10:31:51.607 [main] INFO  o.a.coyote.http11.Http11NioProtocol - Starting ProtocolHandler ["http-nio-8080"]
10:31:51.616 [main] INFO  o.s.b.w.e.tomcat.TomcatWebServer - Tomcat started on port(s): 8080 (http) with context path ''
10:31:51.624 [main] INFO  com.flight.FlightAgencyApplication - Started FlightAgencyApplication in 4.082 seconds (process running for 4.911)
10:31:51.964 [main] WARN  o.s.b.a.o.j.JpaBaseConfiguration$JpaWebConfiguration - spring.jpa.open-in-view is enabled by default. Therefore, database queries may be performed during view rendering. Explicitly configure spring.jpa.open-in-view to disable this warning
10:31:52.186 [main] INFO  o.a.coyote.http11.Http11NioProtocol - Starting ProtocolHandler ["http-nio-8080"]
10:31:52.189 [main] WARN  o.s.b.w.s.c.AnnotationConfigServletWebServerApplicationContext - Exception encountered during context initialization - cancelling refresh attempt: org.springframework.context.ApplicationContextException: Failed to start bean 'webServerStartStop'
10:31:52.190 [main] INFO  o.s.o.j.LocalContainerEntityManagerFactoryBean - Closing JPA EntityManagerFactory for persistence unit 'default'
10:31:52.192 [main] INFO  com.zaxxer.hikari.HikariDataSource - HikariPool-1 - Shutdown initiated...
10:31:52.213 [main] INFO  com.zaxxer.hikari.HikariDataSource - HikariPool-1 - Shutdown completed.
10:31:52.214 [main] INFO  o.a.coyote.http11.Http11NioProtocol - Pausing ProtocolHandler ["http-nio-8080"]
10:31:52.215 [main] INFO  o.a.catalina.core.StandardService - Stopping service [Tomcat]
10:31:52.220 [main] INFO  o.a.coyote.http11.Http11NioProtocol - Stopping ProtocolHandler ["http-nio-8080"]
10:31:52.220 [main] INFO  o.a.coyote.http11.Http11NioProtocol - Destroying ProtocolHandler ["http-nio-8080"]
10:31:52.226 [main] INFO  o.s.b.a.l.ConditionEvaluationReportLogger - 

Error starting ApplicationContext. To display the condition evaluation report re-run your application with 'debug' enabled.
10:31:52.245 [main] ERROR o.s.b.d.LoggingFailureAnalysisReporter - 

***************************
APPLICATION FAILED TO START
***************************

Description:

Web server failed to start. Port 8080 was already in use.

Action:

Identify and stop the process that's listening on port 8080 or configure this application to listen on another port.

10:31:56.680 [SpringApplicationShutdownHook] INFO  o.s.o.j.LocalContainerEntityManagerFactoryBean - Closing JPA EntityManagerFactory for persistence unit 'default'
10:31:56.682 [SpringApplicationShutdownHook] INFO  com.zaxxer.hikari.HikariDataSource - HikariPool-1 - Shutdown initiated...
10:31:56.706 [SpringApplicationShutdownHook] INFO  com.zaxxer.hikari.HikariDataSource - HikariPool-1 - Shutdown completed.
10:31:59.791 [main] INFO  com.flight.FlightAgencyApplication - Starting FlightAgencyApplication using Java 17.0.8 with PID 21164 (D:\FlightAgency\target\classes started by F.Almasian in D:\FlightAgency)
10:31:59.793 [main] INFO  com.flight.FlightAgencyApplication - No active profile set, falling back to 1 default profile: "default"
10:32:00.151 [main] INFO  o.s.d.r.c.RepositoryConfigurationDelegate - Bootstrapping Spring Data JPA repositories in DEFAULT mode.
10:32:00.198 [main] INFO  o.s.d.r.c.RepositoryConfigurationDelegate - Finished Spring Data repository scanning in 41 ms. Found 4 JPA repository interfaces.
10:32:00.708 [main] INFO  o.s.b.w.e.tomcat.TomcatWebServer - Tomcat initialized with port(s): 8080 (http)
10:32:00.714 [main] INFO  o.a.coyote.http11.Http11NioProtocol - Initializing ProtocolHandler ["http-nio-8080"]
10:32:00.715 [main] INFO  o.a.catalina.core.StandardService - Starting service [Tomcat]
10:32:00.715 [main] INFO  o.a.catalina.core.StandardEngine - Starting Servlet engine: [Apache Tomcat/10.1.15]
10:32:00.793 [main] INFO  o.a.c.c.C.[Tomcat].[localhost].[/] - Initializing Spring embedded WebApplicationContext
10:32:00.794 [main] INFO  o.s.b.w.s.c.ServletWebServerApplicationContext - Root WebApplicationContext: initialization completed in 956 ms
10:32:01.012 [main] INFO  com.zaxxer.hikari.HikariDataSource - HikariPool-1 - Starting...
10:32:01.544 [main] INFO  com.zaxxer.hikari.pool.HikariPool - HikariPool-1 - Added connection oracle.jdbc.driver.T4CConnection@594131f2
10:32:01.546 [main] INFO  com.zaxxer.hikari.HikariDataSource - HikariPool-1 - Start completed.
10:32:01.578 [main] INFO  o.h.jpa.internal.util.LogHelper - HHH000204: Processing PersistenceUnitInfo [name: default]
10:32:01.630 [main] INFO  org.hibernate.Version - HHH000412: Hibernate ORM core version 6.2.13.Final
10:32:01.631 [main] INFO  org.hibernate.cfg.Environment - HHH000406: Using bytecode reflection optimizer
10:32:01.831 [main] INFO  o.s.o.j.p.SpringPersistenceUnitInfo - No LoadTimeWeaver setup: ignoring JPA class transformer
10:32:02.573 [main] INFO  o.h.e.t.j.p.i.JtaPlatformInitiator - HHH000489: No JTA platform available (set 'hibernate.transaction.jta.platform' to enable JTA platform integration)
10:32:02.576 [main] INFO  o.s.o.j.LocalContainerEntityManagerFactoryBean - Initialized JPA EntityManagerFactory for persistence unit 'default'
10:32:02.960 [main] WARN  o.s.b.a.o.j.JpaBaseConfiguration$JpaWebConfiguration - spring.jpa.open-in-view is enabled by default. Therefore, database queries may be performed during view rendering. Explicitly configure spring.jpa.open-in-view to disable this warning
10:32:03.192 [main] INFO  o.a.coyote.http11.Http11NioProtocol - Starting ProtocolHandler ["http-nio-8080"]
10:32:03.198 [main] INFO  o.s.b.w.e.tomcat.TomcatWebServer - Tomcat started on port(s): 8080 (http) with context path ''
10:32:03.206 [main] INFO  com.flight.FlightAgencyApplication - Started FlightAgencyApplication in 3.729 seconds (process running for 4.778)
10:32:06.512 [http-nio-8080-exec-1] INFO  o.a.c.c.C.[Tomcat].[localhost].[/] - Initializing Spring DispatcherServlet 'dispatcherServlet'
10:32:06.513 [http-nio-8080-exec-1] INFO  o.s.web.servlet.DispatcherServlet - Initializing Servlet 'dispatcherServlet'
10:32:06.513 [http-nio-8080-exec-1] INFO  o.s.web.servlet.DispatcherServlet - Completed initialization in 0 ms
10:32:06.541 [http-nio-8080-exec-1] INFO  com.flight.aspect.LoggingAspect - 
Method Name: getAllCities
10:32:06.541 [http-nio-8080-exec-1] INFO  com.flight.aspect.LoggingAspect - 
Request Body: []
10:32:06.647 [http-nio-8080-exec-1] INFO  com.flight.aspect.LoggingAspect - 
Response: [CityDto{
    cityName=chabahar,
}
, CityDto{
    cityName=Tehran,
}
, CityDto{
    cityName=Mashhad,
}
, CityDto{
    cityName=Shiraz,
}
, CityDto{
    cityName=Rasht,
}
, CityDto{
    cityName=Esfahan,
}
]
10:32:15.493 [http-nio-8080-exec-4] INFO  com.flight.aspect.LoggingAspect - 
Method Name: filter
10:32:15.495 [http-nio-8080-exec-4] INFO  com.flight.aspect.LoggingAspect - 
Request Body: FilterFlightDto{
    originId=1,
    destinationId=2,
    flyDate=2023-04-05
}

10:32:15.539 [http-nio-8080-exec-4] INFO  com.flight.aspect.LoggingAspect - 
Response: [FlightDto{
    flightNumber=2,
    originId=1,
    destinationId=2,
    flyDateTime=2023-04-05 19:00:00.594,
    cost=190.0,
    capacity=35,
    remainingSeats=39
}
, FlightDto{
    flightNumber=6,
    originId=1,
    destinationId=2,
    flyDateTime=2023-04-05 19:00:00.594,
    cost=190.0,
    capacity=35,
    remainingSeats=33
}
]
10:32:34.417 [http-nio-8080-exec-6] INFO  com.flight.aspect.LoggingAspect - 
Method Name: book
10:32:34.418 [http-nio-8080-exec-6] INFO  com.flight.aspect.LoggingAspect - 
Request Body: BookingDto{
    customerId=1212121212,
    flightId=2,
    nationalCodes=[1212121212]
}

10:32:34.434 [http-nio-8080-exec-6] INFO  com.flight.service.BookingService - a temporary reservation with tracking code 392090 created by customer with ID 1212121212 
10:32:34.434 [http-nio-8080-exec-6] INFO  com.flight.aspect.LoggingAspect - 
Response: 392090
10:32:36.394 [http-nio-8080-exec-8] INFO  com.flight.service.PaymentService - reservation with tracking code 392090 is inserted in database.
10:32:36.413 [http-nio-8080-exec-8] INFO  com.flight.service.PaymentService - reservation with tracking code 392090 is payed.
10:32:41.313 [SpringApplicationShutdownHook] INFO  o.s.o.j.LocalContainerEntityManagerFactoryBean - Closing JPA EntityManagerFactory for persistence unit 'default'
10:32:41.316 [SpringApplicationShutdownHook] INFO  com.zaxxer.hikari.HikariDataSource - HikariPool-1 - Shutdown initiated...
10:32:41.343 [SpringApplicationShutdownHook] INFO  com.zaxxer.hikari.HikariDataSource - HikariPool-1 - Shutdown completed.
12:08:16.795 [main] INFO  com.flight.FlightAgencyApplication - Starting FlightAgencyApplication using Java 17.0.8 with PID 19608 (D:\FlightAgency\target\classes started by F.Almasian in D:\FlightAgency)
12:08:16.797 [main] INFO  com.flight.FlightAgencyApplication - No active profile set, falling back to 1 default profile: "default"
12:08:17.131 [main] INFO  o.s.d.r.c.RepositoryConfigurationDelegate - Bootstrapping Spring Data JPA repositories in DEFAULT mode.
12:08:17.173 [main] INFO  o.s.d.r.c.RepositoryConfigurationDelegate - Finished Spring Data repository scanning in 36 ms. Found 4 JPA repository interfaces.
12:08:17.739 [main] INFO  o.s.b.w.e.tomcat.TomcatWebServer - Tomcat initialized with port(s): 8080 (http)
12:08:17.744 [main] INFO  o.a.coyote.http11.Http11NioProtocol - Initializing ProtocolHandler ["http-nio-8080"]
12:08:17.745 [main] INFO  o.a.catalina.core.StandardService - Starting service [Tomcat]
12:08:17.746 [main] INFO  o.a.catalina.core.StandardEngine - Starting Servlet engine: [Apache Tomcat/10.1.15]
12:08:17.828 [main] INFO  o.a.c.c.C.[Tomcat].[localhost].[/] - Initializing Spring embedded WebApplicationContext
12:08:17.829 [main] INFO  o.s.b.w.s.c.ServletWebServerApplicationContext - Root WebApplicationContext: initialization completed in 991 ms
12:08:17.950 [main] INFO  com.zaxxer.hikari.HikariDataSource - HikariPool-1 - Starting...
12:08:18.168 [main] INFO  com.zaxxer.hikari.pool.HikariPool - HikariPool-1 - Added connection oracle.jdbc.driver.T4CConnection@2ce03e86
12:08:18.169 [main] INFO  com.zaxxer.hikari.HikariDataSource - HikariPool-1 - Start completed.
12:08:18.195 [main] INFO  o.h.jpa.internal.util.LogHelper - HHH000204: Processing PersistenceUnitInfo [name: default]
12:08:18.239 [main] INFO  org.hibernate.Version - HHH000412: Hibernate ORM core version 6.2.13.Final
12:08:18.241 [main] INFO  org.hibernate.cfg.Environment - HHH000406: Using bytecode reflection optimizer
12:08:18.445 [main] INFO  o.s.o.j.p.SpringPersistenceUnitInfo - No LoadTimeWeaver setup: ignoring JPA class transformer
12:08:19.197 [main] INFO  o.h.e.t.j.p.i.JtaPlatformInitiator - HHH000489: No JTA platform available (set 'hibernate.transaction.jta.platform' to enable JTA platform integration)
12:08:19.200 [main] INFO  o.s.o.j.LocalContainerEntityManagerFactoryBean - Initialized JPA EntityManagerFactory for persistence unit 'default'
12:08:19.572 [main] WARN  o.s.b.a.o.j.JpaBaseConfiguration$JpaWebConfiguration - spring.jpa.open-in-view is enabled by default. Therefore, database queries may be performed during view rendering. Explicitly configure spring.jpa.open-in-view to disable this warning
12:08:19.815 [main] INFO  o.a.coyote.http11.Http11NioProtocol - Starting ProtocolHandler ["http-nio-8080"]
12:08:19.825 [main] INFO  o.s.b.w.e.tomcat.TomcatWebServer - Tomcat started on port(s): 8080 (http) with context path ''
12:08:19.832 [main] INFO  com.flight.FlightAgencyApplication - Started FlightAgencyApplication in 3.302 seconds (process running for 4.104)
12:08:27.454 [http-nio-8080-exec-1] INFO  o.a.c.c.C.[Tomcat].[localhost].[/] - Initializing Spring DispatcherServlet 'dispatcherServlet'
12:08:27.454 [http-nio-8080-exec-1] INFO  o.s.web.servlet.DispatcherServlet - Initializing Servlet 'dispatcherServlet'
12:08:27.455 [http-nio-8080-exec-1] INFO  o.s.web.servlet.DispatcherServlet - Completed initialization in 1 ms
12:08:27.506 [http-nio-8080-exec-1] INFO  com.flight.aspect.LoggingAspect - 
Method Name: getAllReservations
12:08:27.506 [http-nio-8080-exec-1] INFO  com.flight.aspect.LoggingAspect - 
Request Body: ReservationDto{
    nationalCode=1111111111
}

12:08:27.623 [http-nio-8080-exec-1] INFO  com.flight.aspect.LoggingAspect - 
Response: [ReservationGetDto{
    customerId=1111111111,
    flightId=2,
    trackingCode=1111111111,
    nationalCode='360780
}
, ReservationGetDto{
    customerId=1111111111,
    flightId=2,
    trackingCode=1111111111,
    nationalCode='360780
}
]
12:08:48.899 [http-nio-8080-exec-2] INFO  com.flight.aspect.LoggingAspect - 
Method Name: getAllCities
12:08:48.899 [http-nio-8080-exec-2] INFO  com.flight.aspect.LoggingAspect - 
Request Body: []
12:08:48.917 [http-nio-8080-exec-2] INFO  com.flight.aspect.LoggingAspect - 
Response: [CityDto{
    cityName=chabahar,
}
, CityDto{
    cityName=Tehran,
}
, CityDto{
    cityName=Mashhad,
}
, CityDto{
    cityName=Shiraz,
}
, CityDto{
    cityName=Rasht,
}
, CityDto{
    cityName=Esfahan,
}
]
12:09:03.873 [http-nio-8080-exec-3] INFO  com.flight.aspect.LoggingAspect - 
Method Name: filter
12:09:03.874 [http-nio-8080-exec-3] INFO  com.flight.aspect.LoggingAspect - 
Request Body: FilterFlightDto{
    originId=1,
    destinationId=2,
    flyDate=2023-04-05
}

12:09:03.890 [http-nio-8080-exec-3] INFO  com.flight.aspect.LoggingAspect - 
Response: [FlightDto{
    flightNumber=2,
    originId=1,
    destinationId=2,
    flyDateTime=2023-04-05 19:00:00.594,
    cost=190.0,
    capacity=35,
    remainingSeats=38
}
, FlightDto{
    flightNumber=6,
    originId=1,
    destinationId=2,
    flyDateTime=2023-04-05 19:00:00.594,
    cost=190.0,
    capacity=35,
    remainingSeats=33
}
]
12:09:18.581 [http-nio-8080-exec-4] INFO  com.flight.aspect.LoggingAspect - 
Method Name: book
12:09:18.582 [http-nio-8080-exec-4] INFO  com.flight.aspect.LoggingAspect - 
Request Body: BookingDto{
    customerId=3333333333,
    flightId=6,
    nationalCodes=[4444444444]
}

12:09:18.597 [http-nio-8080-exec-4] INFO  com.flight.service.BookingService - a temporary reservation with tracking code 1049666 created by customer with ID 3333333333 
12:09:18.597 [http-nio-8080-exec-4] INFO  com.flight.aspect.LoggingAspect - 
Response: 1049666
12:09:21.214 [http-nio-8080-exec-5] INFO  com.flight.service.PaymentService - reservation with tracking code 1049666 is inserted in database.
12:09:21.231 [http-nio-8080-exec-5] INFO  com.flight.service.PaymentService - reservation with tracking code 1049666 is payed.
12:09:30.884 [http-nio-8080-exec-6] INFO  com.flight.aspect.LoggingAspect - 
Method Name: getAllReservations
12:09:30.884 [http-nio-8080-exec-6] INFO  com.flight.aspect.LoggingAspect - 
Request Body: ReservationDto{
    nationalCode=3333333333
}

12:09:30.890 [http-nio-8080-exec-6] INFO  com.flight.aspect.LoggingAspect - 
Response: [ReservationGetDto{
    customerId=3333333333,
    flightId=6,
    trackingCode=1049666,
    nationalCode='4444444444
}
]
12:09:54.884 [http-nio-8080-exec-7] INFO  com.flight.aspect.LoggingAspect - 
Method Name: getAllReservations
12:09:54.885 [http-nio-8080-exec-7] INFO  com.flight.aspect.LoggingAspect - 
Request Body: ReservationDto{
    nationalCode=3333333333
}

12:09:54.892 [http-nio-8080-exec-7] INFO  com.flight.aspect.LoggingAspect - 
Response: [ReservationGetDto{
    customerId=3333333333,
    flightId=6,
    trackingCode=1049666,
    nationalCode='4444444444
}
]
12:10:02.293 [http-nio-8080-exec-8] INFO  com.flight.aspect.LoggingAspect - 
Method Name: cancelling
12:10:02.293 [http-nio-8080-exec-8] INFO  com.flight.aspect.LoggingAspect - 
Request Body: CancellationDto{
    customerId=3333333333,
    nationalCodes=[4444444444]
}

12:10:02.328 [http-nio-8080-exec-8] INFO  c.flight.service.CancellationService - tickets cancelled.
12:10:02.328 [http-nio-8080-exec-8] INFO  com.flight.aspect.LoggingAspect - 
Response: 190.0
12:10:13.060 [http-nio-8080-exec-9] INFO  com.flight.aspect.LoggingAspect - 
Method Name: getAllReservations
12:10:13.060 [http-nio-8080-exec-9] INFO  com.flight.aspect.LoggingAspect - 
Request Body: ReservationDto{
    nationalCode=3333333333
}

12:10:13.065 [http-nio-8080-exec-9] INFO  com.flight.aspect.LoggingAspect - 
Response: []
13:23:44.314 [http-nio-8080-exec-1] INFO  com.flight.aspect.LoggingAspect - 
Method Name: getAllFlights
13:23:44.314 [http-nio-8080-exec-1] INFO  com.flight.aspect.LoggingAspect - 
Request Body: []
13:23:44.322 [http-nio-8080-exec-1] INFO  com.flight.aspect.LoggingAspect - 
Response: [FlightDto{
    flightNumber=1,
    originId=1,
    destinationId=2,
    flyDateTime=2023-03-05 12:30:00.594,
    cost=250.5,
    capacity=25,
    remainingSeats=25
}
, FlightDto{
    flightNumber=2,
    originId=1,
    destinationId=2,
    flyDateTime=2023-04-05 19:00:00.594,
    cost=190.0,
    capacity=35,
    remainingSeats=38
}
, FlightDto{
    flightNumber=3,
    originId=4,
    destinationId=3,
    flyDateTime=2023-05-12 19:00:00.594,
    cost=180.0,
    capacity=35,
    remainingSeats=36
}
, FlightDto{
    flightNumber=4,
    originId=4,
    destinationId=2,
    flyDateTime=2023-11-05 12:30:00.594,
    cost=256.5,
    capacity=25,
    remainingSeats=25
}
, FlightDto{
    flightNumber=5,
    originId=1,
    destinationId=2,
    flyDateTime=2023-05-12 19:00:00.594,
    cost=190.0,
    capacity=35,
    remainingSeats=35
}
, FlightDto{
    flightNumber=6,
    originId=1,
    destinationId=2,
    flyDateTime=2023-04-05 19:00:00.594,
    cost=190.0,
    capacity=35,
    remainingSeats=34
}
]
13:24:12.301 [http-nio-8080-exec-3] INFO  com.flight.aspect.LoggingAspect - 
Method Name: getAllCities
13:24:12.301 [http-nio-8080-exec-3] INFO  com.flight.aspect.LoggingAspect - 
Request Body: []
13:24:12.306 [http-nio-8080-exec-3] INFO  com.flight.aspect.LoggingAspect - 
Response: [CityDto{
    cityName=chabahar,
}
, CityDto{
    cityName=Tehran,
}
, CityDto{
    cityName=Mashhad,
}
, CityDto{
    cityName=Shiraz,
}
, CityDto{
    cityName=Rasht,
}
, CityDto{
    cityName=Esfahan,
}
]
13:24:41.103 [http-nio-8080-exec-4] INFO  com.flight.aspect.LoggingAspect - 
Method Name: filter
13:24:41.103 [http-nio-8080-exec-4] INFO  com.flight.aspect.LoggingAspect - 
Request Body: FilterFlightDto{
    originId=1,
    destinationId=2,
    flyDate=2023-05-12
}

13:24:41.110 [http-nio-8080-exec-4] INFO  com.flight.aspect.LoggingAspect - 
Response: [FlightDto{
    flightNumber=5,
    originId=1,
    destinationId=2,
    flyDateTime=2023-05-12 19:00:00.594,
    cost=190.0,
    capacity=35,
    remainingSeats=35
}
]
13:25:01.595 [http-nio-8080-exec-5] INFO  com.flight.aspect.LoggingAspect - 
Method Name: book
13:25:01.595 [http-nio-8080-exec-5] INFO  com.flight.aspect.LoggingAspect - 
Request Body: BookingDto{
    customerId=7777777777,
    flightId=5,
    nationalCodes=[7777777777]
}

13:25:01.600 [http-nio-8080-exec-5] INFO  com.flight.service.BookingService - a temporary reservation with tracking code 2427429 created by customer with ID 7777777777 
13:25:01.600 [http-nio-8080-exec-5] INFO  com.flight.aspect.LoggingAspect - 
Response: 2427429
13:25:16.736 [http-nio-8080-exec-6] INFO  com.flight.service.PaymentService - reservation with tracking code 2427429 is inserted in database.
13:25:16.743 [http-nio-8080-exec-6] INFO  com.flight.service.PaymentService - reservation with tracking code 2427429 is payed.
13:25:43.232 [http-nio-8080-exec-7] INFO  com.flight.aspect.LoggingAspect - 
Method Name: getAllReservations
13:25:43.232 [http-nio-8080-exec-7] INFO  com.flight.aspect.LoggingAspect - 
Request Body: ReservationDto{
    nationalCode=77777777777
}

13:25:43.237 [http-nio-8080-exec-7] INFO  com.flight.aspect.LoggingAspect - 
Response: []
13:25:59.280 [http-nio-8080-exec-8] INFO  com.flight.aspect.LoggingAspect - 
Method Name: getAllReservations
13:25:59.280 [http-nio-8080-exec-8] INFO  com.flight.aspect.LoggingAspect - 
Request Body: ReservationDto{
    nationalCode=7777777777
}

13:25:59.285 [http-nio-8080-exec-8] INFO  com.flight.aspect.LoggingAspect - 
Response: [ReservationGetDto{
    customerId=7777777777,
    flightId=5,
    trackingCode=2427429,
    nationalCode='7777777777
}
]
13:26:08.879 [SpringApplicationShutdownHook] INFO  o.s.o.j.LocalContainerEntityManagerFactoryBean - Closing JPA EntityManagerFactory for persistence unit 'default'
13:26:08.881 [SpringApplicationShutdownHook] INFO  com.zaxxer.hikari.HikariDataSource - HikariPool-1 - Shutdown initiated...
13:26:08.904 [SpringApplicationShutdownHook] INFO  com.zaxxer.hikari.HikariDataSource - HikariPool-1 - Shutdown completed.
13:31:40.823 [main] INFO  com.flight.FlightAgencyApplication - Starting FlightAgencyApplication using Java 17.0.8 with PID 11704 (D:\FlightAgency\target\classes started by F.Almasian in D:\FlightAgency)
13:31:40.824 [main] INFO  com.flight.FlightAgencyApplication - No active profile set, falling back to 1 default profile: "default"
13:31:41.168 [main] INFO  o.s.d.r.c.RepositoryConfigurationDelegate - Bootstrapping Spring Data JPA repositories in DEFAULT mode.
13:31:41.213 [main] INFO  o.s.d.r.c.RepositoryConfigurationDelegate - Finished Spring Data repository scanning in 38 ms. Found 4 JPA repository interfaces.
13:31:41.772 [main] INFO  o.s.b.w.e.tomcat.TomcatWebServer - Tomcat initialized with port(s): 8080 (http)
13:31:41.785 [main] INFO  o.a.coyote.http11.Http11NioProtocol - Initializing ProtocolHandler ["http-nio-8080"]
13:31:41.786 [main] INFO  o.a.catalina.core.StandardService - Starting service [Tomcat]
13:31:41.786 [main] INFO  o.a.catalina.core.StandardEngine - Starting Servlet engine: [Apache Tomcat/10.1.15]
13:31:41.862 [main] INFO  o.a.c.c.C.[Tomcat].[localhost].[/] - Initializing Spring embedded WebApplicationContext
13:31:41.863 [main] INFO  o.s.b.w.s.c.ServletWebServerApplicationContext - Root WebApplicationContext: initialization completed in 996 ms
13:31:41.990 [main] INFO  com.zaxxer.hikari.HikariDataSource - HikariPool-1 - Starting...
13:31:42.202 [main] INFO  com.zaxxer.hikari.pool.HikariPool - HikariPool-1 - Added connection oracle.jdbc.driver.T4CConnection@2ce03e86
13:31:42.203 [main] INFO  com.zaxxer.hikari.HikariDataSource - HikariPool-1 - Start completed.
13:31:42.231 [main] INFO  o.h.jpa.internal.util.LogHelper - HHH000204: Processing PersistenceUnitInfo [name: default]
13:31:42.276 [main] INFO  org.hibernate.Version - HHH000412: Hibernate ORM core version 6.2.13.Final
13:31:42.277 [main] INFO  org.hibernate.cfg.Environment - HHH000406: Using bytecode reflection optimizer
13:31:42.485 [main] INFO  o.s.o.j.p.SpringPersistenceUnitInfo - No LoadTimeWeaver setup: ignoring JPA class transformer
13:31:43.248 [main] INFO  o.h.e.t.j.p.i.JtaPlatformInitiator - HHH000489: No JTA platform available (set 'hibernate.transaction.jta.platform' to enable JTA platform integration)
13:31:43.251 [main] INFO  o.s.o.j.LocalContainerEntityManagerFactoryBean - Initialized JPA EntityManagerFactory for persistence unit 'default'
13:31:43.663 [main] WARN  o.s.b.a.o.j.JpaBaseConfiguration$JpaWebConfiguration - spring.jpa.open-in-view is enabled by default. Therefore, database queries may be performed during view rendering. Explicitly configure spring.jpa.open-in-view to disable this warning
13:31:43.891 [main] INFO  o.a.coyote.http11.Http11NioProtocol - Starting ProtocolHandler ["http-nio-8080"]
13:31:43.898 [main] INFO  o.s.b.w.e.tomcat.TomcatWebServer - Tomcat started on port(s): 8080 (http) with context path ''
13:31:43.905 [main] INFO  com.flight.FlightAgencyApplication - Started FlightAgencyApplication in 3.354 seconds (process running for 3.972)
13:31:57.111 [http-nio-8080-exec-1] INFO  o.a.c.c.C.[Tomcat].[localhost].[/] - Initializing Spring DispatcherServlet 'dispatcherServlet'
13:31:57.111 [http-nio-8080-exec-1] INFO  o.s.web.servlet.DispatcherServlet - Initializing Servlet 'dispatcherServlet'
13:31:57.112 [http-nio-8080-exec-1] INFO  o.s.web.servlet.DispatcherServlet - Completed initialization in 1 ms
13:31:57.162 [http-nio-8080-exec-1] INFO  com.flight.aspect.LoggingAspect - 
Method Name: payment
13:31:57.162 [http-nio-8080-exec-1] INFO  com.flight.aspect.LoggingAspect - 
Request Body: PaymentDto{
    tracingCode=689689
}

13:31:57.163 [http-nio-8080-exec-1] INFO  com.flight.aspect.LoggingAspect - 
Response: -2.0
13:32:39.609 [SpringApplicationShutdownHook] INFO  o.s.o.j.LocalContainerEntityManagerFactoryBean - Closing JPA EntityManagerFactory for persistence unit 'default'
13:32:39.610 [SpringApplicationShutdownHook] INFO  com.zaxxer.hikari.HikariDataSource - HikariPool-1 - Shutdown initiated...
13:32:39.636 [SpringApplicationShutdownHook] INFO  com.zaxxer.hikari.HikariDataSource - HikariPool-1 - Shutdown completed.
13:53:14.639 [main] INFO  com.flight.FlightAgencyApplication - Starting FlightAgencyApplication using Java 17.0.8 with PID 8500 (D:\FlightAgency\target\classes started by F.Almasian in D:\FlightAgency)
13:53:14.640 [main] INFO  com.flight.FlightAgencyApplication - No active profile set, falling back to 1 default profile: "default"
13:53:14.968 [main] INFO  o.s.d.r.c.RepositoryConfigurationDelegate - Bootstrapping Spring Data JPA repositories in DEFAULT mode.
13:53:15.016 [main] INFO  o.s.d.r.c.RepositoryConfigurationDelegate - Finished Spring Data repository scanning in 42 ms. Found 4 JPA repository interfaces.
13:53:15.550 [main] INFO  o.s.b.w.e.tomcat.TomcatWebServer - Tomcat initialized with port(s): 8080 (http)
13:53:15.556 [main] INFO  o.a.coyote.http11.Http11NioProtocol - Initializing ProtocolHandler ["http-nio-8080"]
13:53:15.558 [main] INFO  o.a.catalina.core.StandardService - Starting service [Tomcat]
13:53:15.558 [main] INFO  o.a.catalina.core.StandardEngine - Starting Servlet engine: [Apache Tomcat/10.1.15]
13:53:15.645 [main] INFO  o.a.c.c.C.[.[localhost].[/api] - Initializing Spring embedded WebApplicationContext
13:53:15.646 [main] INFO  o.s.b.w.s.c.ServletWebServerApplicationContext - Root WebApplicationContext: initialization completed in 965 ms
13:53:15.760 [main] INFO  com.zaxxer.hikari.HikariDataSource - HikariPool-1 - Starting...
13:53:15.955 [main] INFO  com.zaxxer.hikari.pool.HikariPool - HikariPool-1 - Added connection oracle.jdbc.driver.T4CConnection@7fbd3e75
13:53:15.956 [main] INFO  com.zaxxer.hikari.HikariDataSource - HikariPool-1 - Start completed.
13:53:15.981 [main] INFO  o.h.jpa.internal.util.LogHelper - HHH000204: Processing PersistenceUnitInfo [name: default]
13:53:16.020 [main] INFO  org.hibernate.Version - HHH000412: Hibernate ORM core version 6.2.13.Final
13:53:16.021 [main] INFO  org.hibernate.cfg.Environment - HHH000406: Using bytecode reflection optimizer
13:53:16.221 [main] INFO  o.s.o.j.p.SpringPersistenceUnitInfo - No LoadTimeWeaver setup: ignoring JPA class transformer
13:53:16.950 [main] INFO  o.h.e.t.j.p.i.JtaPlatformInitiator - HHH000489: No JTA platform available (set 'hibernate.transaction.jta.platform' to enable JTA platform integration)
13:53:16.953 [main] INFO  o.s.o.j.LocalContainerEntityManagerFactoryBean - Initialized JPA EntityManagerFactory for persistence unit 'default'
13:53:17.314 [main] WARN  o.s.b.a.o.j.JpaBaseConfiguration$JpaWebConfiguration - spring.jpa.open-in-view is enabled by default. Therefore, database queries may be performed during view rendering. Explicitly configure spring.jpa.open-in-view to disable this warning
13:53:17.529 [main] INFO  o.a.coyote.http11.Http11NioProtocol - Starting ProtocolHandler ["http-nio-8080"]
13:53:17.536 [main] INFO  o.s.b.w.e.tomcat.TomcatWebServer - Tomcat started on port(s): 8080 (http) with context path '/api'
13:53:17.543 [main] INFO  com.flight.FlightAgencyApplication - Started FlightAgencyApplication in 3.169 seconds (process running for 4.001)
13:53:23.875 [http-nio-8080-exec-1] INFO  o.a.c.c.C.[.[localhost].[/api] - Initializing Spring DispatcherServlet 'dispatcherServlet'
13:53:23.875 [http-nio-8080-exec-1] INFO  o.s.web.servlet.DispatcherServlet - Initializing Servlet 'dispatcherServlet'
13:53:23.876 [http-nio-8080-exec-1] INFO  o.s.web.servlet.DispatcherServlet - Completed initialization in 1 ms
13:53:23.905 [http-nio-8080-exec-1] INFO  com.flight.aspect.LoggingAspect - 
Method Name: getAllFlights
13:53:23.905 [http-nio-8080-exec-1] INFO  com.flight.aspect.LoggingAspect - 
Request Body: []
13:53:24.010 [http-nio-8080-exec-1] INFO  com.flight.aspect.LoggingAspect - 
Response: [FlightDto{
    flightNumber=1,
    originId=1,
    destinationId=2,
    flyDateTime=2023-03-05 12:30:00.594,
    cost=250.5,
    capacity=25,
    remainingSeats=25
}
, FlightDto{
    flightNumber=2,
    originId=1,
    destinationId=2,
    flyDateTime=2023-04-05 19:00:00.594,
    cost=190.0,
    capacity=35,
    remainingSeats=38
}
, FlightDto{
    flightNumber=3,
    originId=4,
    destinationId=3,
    flyDateTime=2023-05-12 19:00:00.594,
    cost=180.0,
    capacity=35,
    remainingSeats=36
}
, FlightDto{
    flightNumber=4,
    originId=4,
    destinationId=2,
    flyDateTime=2023-11-05 12:30:00.594,
    cost=256.5,
    capacity=25,
    remainingSeats=25
}
, FlightDto{
    flightNumber=5,
    originId=1,
    destinationId=2,
    flyDateTime=2023-05-12 19:00:00.594,
    cost=190.0,
    capacity=35,
    remainingSeats=34
}
, FlightDto{
    flightNumber=6,
    originId=1,
    destinationId=2,
    flyDateTime=2023-04-05 19:00:00.594,
    cost=190.0,
    capacity=35,
    remainingSeats=34
}
]
13:54:55.606 [SpringApplicationShutdownHook] INFO  o.s.o.j.LocalContainerEntityManagerFactoryBean - Closing JPA EntityManagerFactory for persistence unit 'default'
13:54:55.608 [SpringApplicationShutdownHook] INFO  com.zaxxer.hikari.HikariDataSource - HikariPool-1 - Shutdown initiated...
13:54:55.638 [SpringApplicationShutdownHook] INFO  com.zaxxer.hikari.HikariDataSource - HikariPool-1 - Shutdown completed.
13:54:58.810 [main] INFO  com.flight.FlightAgencyApplication - Starting FlightAgencyApplication using Java 17.0.8 with PID 18928 (D:\FlightAgency\target\classes started by F.Almasian in D:\FlightAgency)
13:54:58.812 [main] INFO  com.flight.FlightAgencyApplication - No active profile set, falling back to 1 default profile: "default"
13:54:59.128 [main] INFO  o.s.d.r.c.RepositoryConfigurationDelegate - Bootstrapping Spring Data JPA repositories in DEFAULT mode.
13:54:59.167 [main] INFO  o.s.d.r.c.RepositoryConfigurationDelegate - Finished Spring Data repository scanning in 34 ms. Found 4 JPA repository interfaces.
13:54:59.644 [main] INFO  o.s.b.w.e.tomcat.TomcatWebServer - Tomcat initialized with port(s): 8080 (http)
13:54:59.648 [main] INFO  o.a.coyote.http11.Http11NioProtocol - Initializing ProtocolHandler ["http-nio-8080"]
13:54:59.649 [main] INFO  o.a.catalina.core.StandardService - Starting service [Tomcat]
13:54:59.649 [main] INFO  o.a.catalina.core.StandardEngine - Starting Servlet engine: [Apache Tomcat/10.1.15]
13:54:59.723 [main] INFO  o.a.c.c.C.[.[localhost].[/api] - Initializing Spring embedded WebApplicationContext
13:54:59.724 [main] INFO  o.s.b.w.s.c.ServletWebServerApplicationContext - Root WebApplicationContext: initialization completed in 866 ms
13:54:59.835 [main] INFO  com.zaxxer.hikari.HikariDataSource - HikariPool-1 - Starting...
13:55:00.016 [main] INFO  com.zaxxer.hikari.pool.HikariPool - HikariPool-1 - Added connection oracle.jdbc.driver.T4CConnection@63a9c661
13:55:00.017 [main] INFO  com.zaxxer.hikari.HikariDataSource - HikariPool-1 - Start completed.
13:55:00.041 [main] INFO  o.h.jpa.internal.util.LogHelper - HHH000204: Processing PersistenceUnitInfo [name: default]
13:55:00.072 [main] INFO  org.hibernate.Version - HHH000412: Hibernate ORM core version 6.2.13.Final
13:55:00.073 [main] INFO  org.hibernate.cfg.Environment - HHH000406: Using bytecode reflection optimizer
13:55:00.240 [main] INFO  o.s.o.j.p.SpringPersistenceUnitInfo - No LoadTimeWeaver setup: ignoring JPA class transformer
13:55:01.062 [main] INFO  o.h.e.t.j.p.i.JtaPlatformInitiator - HHH000489: No JTA platform available (set 'hibernate.transaction.jta.platform' to enable JTA platform integration)
13:55:01.067 [main] INFO  o.s.o.j.LocalContainerEntityManagerFactoryBean - Initialized JPA EntityManagerFactory for persistence unit 'default'
13:55:01.433 [main] WARN  o.s.b.a.o.j.JpaBaseConfiguration$JpaWebConfiguration - spring.jpa.open-in-view is enabled by default. Therefore, database queries may be performed during view rendering. Explicitly configure spring.jpa.open-in-view to disable this warning
13:55:01.637 [main] INFO  o.a.coyote.http11.Http11NioProtocol - Starting ProtocolHandler ["http-nio-8080"]
13:55:01.644 [main] INFO  o.s.b.w.e.tomcat.TomcatWebServer - Tomcat started on port(s): 8080 (http) with context path '/api'
13:55:01.650 [main] INFO  com.flight.FlightAgencyApplication - Started FlightAgencyApplication in 3.138 seconds (process running for 3.677)
13:55:47.268 [http-nio-8080-exec-1] INFO  o.a.c.c.C.[.[localhost].[/api] - Initializing Spring DispatcherServlet 'dispatcherServlet'
13:55:47.268 [http-nio-8080-exec-1] INFO  o.s.web.servlet.DispatcherServlet - Initializing Servlet 'dispatcherServlet'
13:55:47.269 [http-nio-8080-exec-1] INFO  o.s.web.servlet.DispatcherServlet - Completed initialization in 1 ms
13:56:05.552 [http-nio-8080-exec-5] INFO  com.flight.aspect.LoggingAspect - 
Method Name: getAllCities
13:56:05.552 [http-nio-8080-exec-5] INFO  com.flight.aspect.LoggingAspect - 
Request Body: []
13:56:05.681 [http-nio-8080-exec-5] INFO  com.flight.aspect.LoggingAspect - 
Response: [CityDto{
    cityName=chabahar,
}
, CityDto{
    cityName=Tehran,
}
, CityDto{
    cityName=Mashhad,
}
, CityDto{
    cityName=Shiraz,
}
, CityDto{
    cityName=Rasht,
}
, CityDto{
    cityName=Esfahan,
}
]
13:56:20.581 [SpringApplicationShutdownHook] INFO  o.s.o.j.LocalContainerEntityManagerFactoryBean - Closing JPA EntityManagerFactory for persistence unit 'default'
13:56:20.583 [SpringApplicationShutdownHook] INFO  com.zaxxer.hikari.HikariDataSource - HikariPool-1 - Shutdown initiated...
13:56:20.605 [SpringApplicationShutdownHook] INFO  com.zaxxer.hikari.HikariDataSource - HikariPool-1 - Shutdown completed.
14:01:46.022 [main] INFO  com.flight.FlightAgencyApplication - Starting FlightAgencyApplication using Java 17.0.8 with PID 3680 (D:\FlightAgency\target\classes started by F.Almasian in D:\FlightAgency)
14:01:46.023 [main] INFO  com.flight.FlightAgencyApplication - No active profile set, falling back to 1 default profile: "default"
14:01:46.362 [main] INFO  o.s.d.r.c.RepositoryConfigurationDelegate - Bootstrapping Spring Data JPA repositories in DEFAULT mode.
14:01:46.408 [main] INFO  o.s.d.r.c.RepositoryConfigurationDelegate - Finished Spring Data repository scanning in 40 ms. Found 4 JPA repository interfaces.
14:01:46.952 [main] INFO  o.s.b.w.e.tomcat.TomcatWebServer - Tomcat initialized with port(s): 8080 (http)
14:01:46.957 [main] INFO  o.a.coyote.http11.Http11NioProtocol - Initializing ProtocolHandler ["http-nio-8080"]
14:01:46.958 [main] INFO  o.a.catalina.core.StandardService - Starting service [Tomcat]
14:01:46.958 [main] INFO  o.a.catalina.core.StandardEngine - Starting Servlet engine: [Apache Tomcat/10.1.15]
14:01:47.030 [main] INFO  o.a.c.c.C.[.[localhost].[/api] - Initializing Spring embedded WebApplicationContext
14:01:47.031 [main] INFO  o.s.b.w.s.c.ServletWebServerApplicationContext - Root WebApplicationContext: initialization completed in 964 ms
14:01:47.150 [main] INFO  com.zaxxer.hikari.HikariDataSource - HikariPool-1 - Starting...
14:01:47.353 [main] INFO  com.zaxxer.hikari.pool.HikariPool - HikariPool-1 - Added connection oracle.jdbc.driver.T4CConnection@7fbd3e75
14:01:47.354 [main] INFO  com.zaxxer.hikari.HikariDataSource - HikariPool-1 - Start completed.
14:01:47.380 [main] INFO  o.h.jpa.internal.util.LogHelper - HHH000204: Processing PersistenceUnitInfo [name: default]
14:01:47.424 [main] INFO  org.hibernate.Version - HHH000412: Hibernate ORM core version 6.2.13.Final
14:01:47.429 [main] INFO  org.hibernate.cfg.Environment - HHH000406: Using bytecode reflection optimizer
14:01:47.629 [main] INFO  o.s.o.j.p.SpringPersistenceUnitInfo - No LoadTimeWeaver setup: ignoring JPA class transformer
14:01:48.367 [main] INFO  o.h.e.t.j.p.i.JtaPlatformInitiator - HHH000489: No JTA platform available (set 'hibernate.transaction.jta.platform' to enable JTA platform integration)
14:01:48.370 [main] INFO  o.s.o.j.LocalContainerEntityManagerFactoryBean - Initialized JPA EntityManagerFactory for persistence unit 'default'
14:01:48.399 [main] INFO  o.s.b.f.a.AutowiredAnnotationBeanPostProcessor - Autowired annotation is not supported on static fields: private static java.lang.String com.flight.client.BookingClient.BASE_URL
14:01:48.751 [main] WARN  o.s.b.a.o.j.JpaBaseConfiguration$JpaWebConfiguration - spring.jpa.open-in-view is enabled by default. Therefore, database queries may be performed during view rendering. Explicitly configure spring.jpa.open-in-view to disable this warning
14:01:48.970 [main] INFO  o.a.coyote.http11.Http11NioProtocol - Starting ProtocolHandler ["http-nio-8080"]
14:01:48.977 [main] INFO  o.s.b.w.e.tomcat.TomcatWebServer - Tomcat started on port(s): 8080 (http) with context path '/api'
14:01:48.983 [main] INFO  com.flight.FlightAgencyApplication - Started FlightAgencyApplication in 3.223 seconds (process running for 3.825)
14:01:56.698 [main] INFO  o.s.b.a.l.ConditionEvaluationReportLogger - 

Error starting ApplicationContext. To display the condition evaluation report re-run your application with 'debug' enabled.
14:01:56.714 [main] ERROR o.s.boot.SpringApplication - Application run failed
java.lang.IllegalStateException: Failed to execute CommandLineRunner
	at org.springframework.boot.SpringApplication.callRunner(SpringApplication.java:774)
	at org.springframework.boot.SpringApplication.lambda$callRunners$3(SpringApplication.java:755)
	at java.base/java.util.stream.ForEachOps$ForEachOp$OfRef.accept(ForEachOps.java:183)
	at java.base/java.util.stream.SortedOps$SizedRefSortingSink.end(SortedOps.java:357)
	at java.base/java.util.stream.AbstractPipeline.copyInto(AbstractPipeline.java:510)
	at java.base/java.util.stream.AbstractPipeline.wrapAndCopyInto(AbstractPipeline.java:499)
	at java.base/java.util.stream.ForEachOps$ForEachOp.evaluateSequential(ForEachOps.java:150)
	at java.base/java.util.stream.ForEachOps$ForEachOp$OfRef.evaluateSequential(ForEachOps.java:173)
	at java.base/java.util.stream.AbstractPipeline.evaluate(AbstractPipeline.java:234)
	at java.base/java.util.stream.ReferencePipeline.forEach(ReferencePipeline.java:596)
	at org.springframework.boot.SpringApplication.callRunners(SpringApplication.java:750)
	at org.springframework.boot.SpringApplication.run(SpringApplication.java:323)
	at org.springframework.boot.SpringApplication.run(SpringApplication.java:1306)
	at org.springframework.boot.SpringApplication.run(SpringApplication.java:1295)
	at com.flight.FlightAgencyApplication.main(FlightAgencyApplication.java:17)
Caused by: java.lang.IllegalArgumentException: URI is not absolute
	at java.base/java.net.URL.fromURI(URL.java:721)
	at java.base/java.net.URI.toURL(URI.java:1139)
	at org.springframework.http.client.SimpleClientHttpRequestFactory.createRequest(SimpleClientHttpRequestFactory.java:130)
	at org.springframework.http.client.support.HttpAccessor.createRequest(HttpAccessor.java:124)
	at org.springframework.web.client.RestTemplate.doExecute(RestTemplate.java:847)
	at org.springframework.web.client.RestTemplate.execute(RestTemplate.java:764)
	at org.springframework.web.client.RestTemplate.exchange(RestTemplate.java:675)
	at com.flight.client.BookingClient.getAllFlights(BookingClient.java:161)
	at com.flight.client.Client.selectingItem(Client.java:45)
	at com.flight.client.Client.process(Client.java:54)
	at com.flight.server.MyCommandLineRunner.run(MyCommandLineRunner.java:17)
	at org.springframework.boot.SpringApplication.callRunner(SpringApplication.java:771)
	... 14 common frames omitted
14:01:56.730 [main] INFO  o.s.o.j.LocalContainerEntityManagerFactoryBean - Closing JPA EntityManagerFactory for persistence unit 'default'
14:01:56.732 [main] INFO  com.zaxxer.hikari.HikariDataSource - HikariPool-1 - Shutdown initiated...
14:01:56.759 [main] INFO  com.zaxxer.hikari.HikariDataSource - HikariPool-1 - Shutdown completed.
14:02:02.789 [main] INFO  com.flight.FlightAgencyApplication - Starting FlightAgencyApplication using Java 17.0.8 with PID 9316 (D:\FlightAgency\target\classes started by F.Almasian in D:\FlightAgency)
14:02:02.791 [main] INFO  com.flight.FlightAgencyApplication - No active profile set, falling back to 1 default profile: "default"
14:02:03.107 [main] INFO  o.s.d.r.c.RepositoryConfigurationDelegate - Bootstrapping Spring Data JPA repositories in DEFAULT mode.
14:02:03.148 [main] INFO  o.s.d.r.c.RepositoryConfigurationDelegate - Finished Spring Data repository scanning in 36 ms. Found 4 JPA repository interfaces.
14:02:03.616 [main] INFO  o.s.b.w.e.tomcat.TomcatWebServer - Tomcat initialized with port(s): 8080 (http)
14:02:03.620 [main] INFO  o.a.coyote.http11.Http11NioProtocol - Initializing ProtocolHandler ["http-nio-8080"]
14:02:03.621 [main] INFO  o.a.catalina.core.StandardService - Starting service [Tomcat]
14:02:03.621 [main] INFO  o.a.catalina.core.StandardEngine - Starting Servlet engine: [Apache Tomcat/10.1.15]
14:02:03.708 [main] INFO  o.a.c.c.C.[.[localhost].[/api] - Initializing Spring embedded WebApplicationContext
14:02:03.709 [main] INFO  o.s.b.w.s.c.ServletWebServerApplicationContext - Root WebApplicationContext: initialization completed in 875 ms
14:02:03.817 [main] INFO  com.zaxxer.hikari.HikariDataSource - HikariPool-1 - Starting...
14:02:03.997 [main] INFO  com.zaxxer.hikari.pool.HikariPool - HikariPool-1 - Added connection oracle.jdbc.driver.T4CConnection@7fbd3e75
14:02:03.999 [main] INFO  com.zaxxer.hikari.HikariDataSource - HikariPool-1 - Start completed.
14:02:04.022 [main] INFO  o.h.jpa.internal.util.LogHelper - HHH000204: Processing PersistenceUnitInfo [name: default]
14:02:04.053 [main] INFO  org.hibernate.Version - HHH000412: Hibernate ORM core version 6.2.13.Final
14:02:04.054 [main] INFO  org.hibernate.cfg.Environment - HHH000406: Using bytecode reflection optimizer
14:02:04.223 [main] INFO  o.s.o.j.p.SpringPersistenceUnitInfo - No LoadTimeWeaver setup: ignoring JPA class transformer
14:02:04.891 [main] INFO  o.h.e.t.j.p.i.JtaPlatformInitiator - HHH000489: No JTA platform available (set 'hibernate.transaction.jta.platform' to enable JTA platform integration)
14:02:04.894 [main] INFO  o.s.o.j.LocalContainerEntityManagerFactoryBean - Initialized JPA EntityManagerFactory for persistence unit 'default'
14:02:04.917 [main] INFO  o.s.b.f.a.AutowiredAnnotationBeanPostProcessor - Autowired annotation is not supported on static fields: private static java.lang.String com.flight.client.BookingClient.BASE_URL
14:02:05.222 [main] WARN  o.s.b.a.o.j.JpaBaseConfiguration$JpaWebConfiguration - spring.jpa.open-in-view is enabled by default. Therefore, database queries may be performed during view rendering. Explicitly configure spring.jpa.open-in-view to disable this warning
14:02:05.436 [main] INFO  o.a.coyote.http11.Http11NioProtocol - Starting ProtocolHandler ["http-nio-8080"]
14:02:05.442 [main] INFO  o.s.b.w.e.tomcat.TomcatWebServer - Tomcat started on port(s): 8080 (http) with context path '/api'
14:02:05.449 [main] INFO  com.flight.FlightAgencyApplication - Started FlightAgencyApplication in 2.896 seconds (process running for 3.538)
14:02:12.089 [main] INFO  o.s.b.a.l.ConditionEvaluationReportLogger - 

Error starting ApplicationContext. To display the condition evaluation report re-run your application with 'debug' enabled.
14:02:12.101 [main] ERROR o.s.boot.SpringApplication - Application run failed
java.lang.IllegalStateException: Failed to execute CommandLineRunner
	at org.springframework.boot.SpringApplication.callRunner(SpringApplication.java:774)
	at org.springframework.boot.SpringApplication.lambda$callRunners$3(SpringApplication.java:755)
	at java.base/java.util.stream.ForEachOps$ForEachOp$OfRef.accept(ForEachOps.java:183)
	at java.base/java.util.stream.SortedOps$SizedRefSortingSink.end(SortedOps.java:357)
	at java.base/java.util.stream.AbstractPipeline.copyInto(AbstractPipeline.java:510)
	at java.base/java.util.stream.AbstractPipeline.wrapAndCopyInto(AbstractPipeline.java:499)
	at java.base/java.util.stream.ForEachOps$ForEachOp.evaluateSequential(ForEachOps.java:150)
	at java.base/java.util.stream.ForEachOps$ForEachOp$OfRef.evaluateSequential(ForEachOps.java:173)
	at java.base/java.util.stream.AbstractPipeline.evaluate(AbstractPipeline.java:234)
	at java.base/java.util.stream.ReferencePipeline.forEach(ReferencePipeline.java:596)
	at org.springframework.boot.SpringApplication.callRunners(SpringApplication.java:750)
	at org.springframework.boot.SpringApplication.run(SpringApplication.java:323)
	at org.springframework.boot.SpringApplication.run(SpringApplication.java:1306)
	at org.springframework.boot.SpringApplication.run(SpringApplication.java:1295)
	at com.flight.FlightAgencyApplication.main(FlightAgencyApplication.java:17)
Caused by: java.lang.IllegalArgumentException: URI is not absolute
	at java.base/java.net.URL.fromURI(URL.java:721)
	at java.base/java.net.URI.toURL(URI.java:1139)
	at org.springframework.http.client.SimpleClientHttpRequestFactory.createRequest(SimpleClientHttpRequestFactory.java:130)
	at org.springframework.http.client.support.HttpAccessor.createRequest(HttpAccessor.java:124)
	at org.springframework.web.client.RestTemplate.doExecute(RestTemplate.java:847)
	at org.springframework.web.client.RestTemplate.execute(RestTemplate.java:764)
	at org.springframework.web.client.RestTemplate.exchange(RestTemplate.java:675)
	at com.flight.client.BookingClient.filterFlights(BookingClient.java:48)
	at com.flight.client.BookingClient.bookingProcess(BookingClient.java:30)
	at com.flight.client.Client.selectingItem(Client.java:41)
	at com.flight.client.Client.process(Client.java:54)
	at com.flight.server.MyCommandLineRunner.run(MyCommandLineRunner.java:17)
	at org.springframework.boot.SpringApplication.callRunner(SpringApplication.java:771)
	... 14 common frames omitted
14:02:12.116 [main] INFO  o.s.o.j.LocalContainerEntityManagerFactoryBean - Closing JPA EntityManagerFactory for persistence unit 'default'
14:02:12.118 [main] INFO  com.zaxxer.hikari.HikariDataSource - HikariPool-1 - Shutdown initiated...
14:02:12.141 [main] INFO  com.zaxxer.hikari.HikariDataSource - HikariPool-1 - Shutdown completed.
14:03:15.888 [main] INFO  com.flight.FlightAgencyApplication - Starting FlightAgencyApplication using Java 17.0.8 with PID 11116 (D:\FlightAgency\target\classes started by F.Almasian in D:\FlightAgency)
14:03:15.890 [main] INFO  com.flight.FlightAgencyApplication - No active profile set, falling back to 1 default profile: "default"
14:03:16.229 [main] INFO  o.s.d.r.c.RepositoryConfigurationDelegate - Bootstrapping Spring Data JPA repositories in DEFAULT mode.
14:03:16.272 [main] INFO  o.s.d.r.c.RepositoryConfigurationDelegate - Finished Spring Data repository scanning in 38 ms. Found 4 JPA repository interfaces.
14:03:16.877 [main] INFO  o.s.b.w.e.tomcat.TomcatWebServer - Tomcat initialized with port(s): 8080 (http)
14:03:16.882 [main] INFO  o.a.coyote.http11.Http11NioProtocol - Initializing ProtocolHandler ["http-nio-8080"]
14:03:16.884 [main] INFO  o.a.catalina.core.StandardService - Starting service [Tomcat]
14:03:16.884 [main] INFO  o.a.catalina.core.StandardEngine - Starting Servlet engine: [Apache Tomcat/10.1.15]
14:03:16.958 [main] INFO  o.a.c.c.C.[.[localhost].[/api] - Initializing Spring embedded WebApplicationContext
14:03:16.959 [main] INFO  o.s.b.w.s.c.ServletWebServerApplicationContext - Root WebApplicationContext: initialization completed in 1026 ms
14:03:17.088 [main] INFO  com.zaxxer.hikari.HikariDataSource - HikariPool-1 - Starting...
14:03:17.311 [main] INFO  com.zaxxer.hikari.pool.HikariPool - HikariPool-1 - Added connection oracle.jdbc.driver.T4CConnection@7fbd3e75
14:03:17.313 [main] INFO  com.zaxxer.hikari.HikariDataSource - HikariPool-1 - Start completed.
14:03:17.342 [main] INFO  o.h.jpa.internal.util.LogHelper - HHH000204: Processing PersistenceUnitInfo [name: default]
14:03:17.388 [main] INFO  org.hibernate.Version - HHH000412: Hibernate ORM core version 6.2.13.Final
14:03:17.390 [main] INFO  org.hibernate.cfg.Environment - HHH000406: Using bytecode reflection optimizer
14:03:17.612 [main] INFO  o.s.o.j.p.SpringPersistenceUnitInfo - No LoadTimeWeaver setup: ignoring JPA class transformer
14:03:18.402 [main] INFO  o.h.e.t.j.p.i.JtaPlatformInitiator - HHH000489: No JTA platform available (set 'hibernate.transaction.jta.platform' to enable JTA platform integration)
14:03:18.405 [main] INFO  o.s.o.j.LocalContainerEntityManagerFactoryBean - Initialized JPA EntityManagerFactory for persistence unit 'default'
14:03:18.781 [main] WARN  o.s.b.a.o.j.JpaBaseConfiguration$JpaWebConfiguration - spring.jpa.open-in-view is enabled by default. Therefore, database queries may be performed during view rendering. Explicitly configure spring.jpa.open-in-view to disable this warning
14:03:18.998 [main] INFO  o.a.coyote.http11.Http11NioProtocol - Starting ProtocolHandler ["http-nio-8080"]
14:03:19.005 [main] INFO  o.s.b.w.e.tomcat.TomcatWebServer - Tomcat started on port(s): 8080 (http) with context path '/api'
14:03:19.012 [main] INFO  com.flight.FlightAgencyApplication - Started FlightAgencyApplication in 3.453 seconds (process running for 4.134)
14:03:21.329 [http-nio-8080-exec-1] INFO  o.a.c.c.C.[.[localhost].[/api] - Initializing Spring DispatcherServlet 'dispatcherServlet'
14:03:21.329 [http-nio-8080-exec-1] INFO  o.s.web.servlet.DispatcherServlet - Initializing Servlet 'dispatcherServlet'
14:03:21.330 [http-nio-8080-exec-1] INFO  o.s.web.servlet.DispatcherServlet - Completed initialization in 0 ms
14:03:21.358 [http-nio-8080-exec-1] INFO  com.flight.aspect.LoggingAspect - 
Method Name: getAllCities
14:03:21.358 [http-nio-8080-exec-1] INFO  com.flight.aspect.LoggingAspect - 
Request Body: []
14:03:21.460 [http-nio-8080-exec-1] INFO  com.flight.aspect.LoggingAspect - 
Response: [CityDto{
    cityName=chabahar,
}
, CityDto{
    cityName=Tehran,
}
, CityDto{
    cityName=Mashhad,
}
, CityDto{
    cityName=Shiraz,
}
, CityDto{
    cityName=Rasht,
}
, CityDto{
    cityName=Esfahan,
}
]
14:03:25.980 [SpringApplicationShutdownHook] INFO  o.s.o.j.LocalContainerEntityManagerFactoryBean - Closing JPA EntityManagerFactory for persistence unit 'default'
14:03:25.982 [SpringApplicationShutdownHook] INFO  com.zaxxer.hikari.HikariDataSource - HikariPool-1 - Shutdown initiated...
14:03:26.005 [SpringApplicationShutdownHook] INFO  com.zaxxer.hikari.HikariDataSource - HikariPool-1 - Shutdown completed.
14:03:27.536 [main] INFO  com.flight.FlightAgencyApplication - Starting FlightAgencyApplication using Java 17.0.8 with PID 3208 (D:\FlightAgency\target\classes started by F.Almasian in D:\FlightAgency)
14:03:27.539 [main] INFO  com.flight.FlightAgencyApplication - No active profile set, falling back to 1 default profile: "default"
14:03:27.849 [main] INFO  o.s.d.r.c.RepositoryConfigurationDelegate - Bootstrapping Spring Data JPA repositories in DEFAULT mode.
14:03:27.891 [main] INFO  o.s.d.r.c.RepositoryConfigurationDelegate - Finished Spring Data repository scanning in 36 ms. Found 4 JPA repository interfaces.
14:03:28.379 [main] INFO  o.s.b.w.e.tomcat.TomcatWebServer - Tomcat initialized with port(s): 8080 (http)
14:03:28.383 [main] INFO  o.a.coyote.http11.Http11NioProtocol - Initializing ProtocolHandler ["http-nio-8080"]
14:03:28.384 [main] INFO  o.a.catalina.core.StandardService - Starting service [Tomcat]
14:03:28.384 [main] INFO  o.a.catalina.core.StandardEngine - Starting Servlet engine: [Apache Tomcat/10.1.15]
14:03:28.451 [main] INFO  o.a.c.c.C.[.[localhost].[/api] - Initializing Spring embedded WebApplicationContext
14:03:28.452 [main] INFO  o.s.b.w.s.c.ServletWebServerApplicationContext - Root WebApplicationContext: initialization completed in 870 ms
14:03:28.564 [main] INFO  com.zaxxer.hikari.HikariDataSource - HikariPool-1 - Starting...
14:03:28.748 [main] INFO  com.zaxxer.hikari.pool.HikariPool - HikariPool-1 - Added connection oracle.jdbc.driver.T4CConnection@7fbd3e75
14:03:28.750 [main] INFO  com.zaxxer.hikari.HikariDataSource - HikariPool-1 - Start completed.
14:03:28.771 [main] INFO  o.h.jpa.internal.util.LogHelper - HHH000204: Processing PersistenceUnitInfo [name: default]
14:03:28.801 [main] INFO  org.hibernate.Version - HHH000412: Hibernate ORM core version 6.2.13.Final
14:03:28.802 [main] INFO  org.hibernate.cfg.Environment - HHH000406: Using bytecode reflection optimizer
14:03:28.968 [main] INFO  o.s.o.j.p.SpringPersistenceUnitInfo - No LoadTimeWeaver setup: ignoring JPA class transformer
14:03:29.677 [main] INFO  o.h.e.t.j.p.i.JtaPlatformInitiator - HHH000489: No JTA platform available (set 'hibernate.transaction.jta.platform' to enable JTA platform integration)
14:03:29.680 [main] INFO  o.s.o.j.LocalContainerEntityManagerFactoryBean - Initialized JPA EntityManagerFactory for persistence unit 'default'
14:03:30.024 [main] WARN  o.s.b.a.o.j.JpaBaseConfiguration$JpaWebConfiguration - spring.jpa.open-in-view is enabled by default. Therefore, database queries may be performed during view rendering. Explicitly configure spring.jpa.open-in-view to disable this warning
14:03:30.235 [main] INFO  o.a.coyote.http11.Http11NioProtocol - Starting ProtocolHandler ["http-nio-8080"]
14:03:30.241 [main] INFO  o.s.b.w.e.tomcat.TomcatWebServer - Tomcat started on port(s): 8080 (http) with context path '/api'
14:03:30.247 [main] INFO  com.flight.FlightAgencyApplication - Started FlightAgencyApplication in 2.941 seconds (process running for 3.51)
14:03:33.907 [http-nio-8080-exec-1] INFO  o.a.c.c.C.[.[localhost].[/api] - Initializing Spring DispatcherServlet 'dispatcherServlet'
14:03:33.908 [http-nio-8080-exec-1] INFO  o.s.web.servlet.DispatcherServlet - Initializing Servlet 'dispatcherServlet'
14:03:33.908 [http-nio-8080-exec-1] INFO  o.s.web.servlet.DispatcherServlet - Completed initialization in 0 ms
14:03:33.936 [http-nio-8080-exec-1] INFO  com.flight.aspect.LoggingAspect - 
Method Name: getAllFlights
14:03:33.937 [http-nio-8080-exec-1] INFO  com.flight.aspect.LoggingAspect - 
Request Body: []
14:03:34.031 [http-nio-8080-exec-1] INFO  com.flight.aspect.LoggingAspect - 
Response: [FlightDto{
    flightNumber=1,
    originId=1,
    destinationId=2,
    flyDateTime=2023-03-05 12:30:00.594,
    cost=250.5,
    capacity=25,
    remainingSeats=25
}
, FlightDto{
    flightNumber=2,
    originId=1,
    destinationId=2,
    flyDateTime=2023-04-05 19:00:00.594,
    cost=190.0,
    capacity=35,
    remainingSeats=38
}
, FlightDto{
    flightNumber=3,
    originId=4,
    destinationId=3,
    flyDateTime=2023-05-12 19:00:00.594,
    cost=180.0,
    capacity=35,
    remainingSeats=36
}
, FlightDto{
    flightNumber=4,
    originId=4,
    destinationId=2,
    flyDateTime=2023-11-05 12:30:00.594,
    cost=256.5,
    capacity=25,
    remainingSeats=25
}
, FlightDto{
    flightNumber=5,
    originId=1,
    destinationId=2,
    flyDateTime=2023-05-12 19:00:00.594,
    cost=190.0,
    capacity=35,
    remainingSeats=34
}
, FlightDto{
    flightNumber=6,
    originId=1,
    destinationId=2,
    flyDateTime=2023-04-05 19:00:00.594,
    cost=190.0,
    capacity=35,
    remainingSeats=34
}
]
14:03:37.580 [SpringApplicationShutdownHook] INFO  o.s.o.j.LocalContainerEntityManagerFactoryBean - Closing JPA EntityManagerFactory for persistence unit 'default'
14:03:37.580 [SpringApplicationShutdownHook] INFO  com.zaxxer.hikari.HikariDataSource - HikariPool-1 - Shutdown initiated...
14:03:37.599 [SpringApplicationShutdownHook] INFO  com.zaxxer.hikari.HikariDataSource - HikariPool-1 - Shutdown completed.
14:12:26.938 [main] INFO  com.flight.FlightAgencyApplication - Starting FlightAgencyApplication using Java 17.0.8 with PID 18952 (D:\FlightAgency\target\classes started by F.Almasian in D:\FlightAgency)
14:12:26.945 [main] INFO  com.flight.FlightAgencyApplication - No active profile set, falling back to 1 default profile: "default"
14:12:27.853 [main] INFO  o.s.d.r.c.RepositoryConfigurationDelegate - Bootstrapping Spring Data JPA repositories in DEFAULT mode.
14:12:27.903 [main] INFO  o.s.d.r.c.RepositoryConfigurationDelegate - Finished Spring Data repository scanning in 44 ms. Found 4 JPA repository interfaces.
14:12:28.505 [main] INFO  o.s.b.w.e.tomcat.TomcatWebServer - Tomcat initialized with port(s): 8080 (http)
14:12:28.510 [main] INFO  o.a.coyote.http11.Http11NioProtocol - Initializing ProtocolHandler ["http-nio-8080"]
14:12:28.512 [main] INFO  o.a.catalina.core.StandardService - Starting service [Tomcat]
14:12:28.512 [main] INFO  o.a.catalina.core.StandardEngine - Starting Servlet engine: [Apache Tomcat/10.1.15]
14:12:28.584 [main] INFO  o.a.c.c.C.[.[localhost].[/api] - Initializing Spring embedded WebApplicationContext
14:12:28.585 [main] INFO  o.s.b.w.s.c.ServletWebServerApplicationContext - Root WebApplicationContext: initialization completed in 1447 ms
14:12:28.701 [main] INFO  com.zaxxer.hikari.HikariDataSource - HikariPool-1 - Starting...
14:12:28.905 [main] INFO  com.zaxxer.hikari.pool.HikariPool - HikariPool-1 - Added connection oracle.jdbc.driver.T4CConnection@7fbd3e75
14:12:28.907 [main] INFO  com.zaxxer.hikari.HikariDataSource - HikariPool-1 - Start completed.
14:12:28.933 [main] INFO  o.h.jpa.internal.util.LogHelper - HHH000204: Processing PersistenceUnitInfo [name: default]
14:12:28.975 [main] INFO  org.hibernate.Version - HHH000412: Hibernate ORM core version 6.2.13.Final
14:12:28.976 [main] INFO  org.hibernate.cfg.Environment - HHH000406: Using bytecode reflection optimizer
14:12:29.183 [main] INFO  o.s.o.j.p.SpringPersistenceUnitInfo - No LoadTimeWeaver setup: ignoring JPA class transformer
14:12:29.907 [main] INFO  o.h.e.t.j.p.i.JtaPlatformInitiator - HHH000489: No JTA platform available (set 'hibernate.transaction.jta.platform' to enable JTA platform integration)
14:12:29.910 [main] INFO  o.s.o.j.LocalContainerEntityManagerFactoryBean - Initialized JPA EntityManagerFactory for persistence unit 'default'
14:12:30.255 [main] WARN  o.s.b.a.o.j.JpaBaseConfiguration$JpaWebConfiguration - spring.jpa.open-in-view is enabled by default. Therefore, database queries may be performed during view rendering. Explicitly configure spring.jpa.open-in-view to disable this warning
14:12:30.472 [main] INFO  o.a.coyote.http11.Http11NioProtocol - Starting ProtocolHandler ["http-nio-8080"]
14:12:30.479 [main] INFO  o.s.b.w.e.tomcat.TomcatWebServer - Tomcat started on port(s): 8080 (http) with context path '/api'
14:12:30.486 [main] INFO  com.flight.FlightAgencyApplication - Started FlightAgencyApplication in 3.796 seconds (process running for 4.351)
14:46:10.440 [SpringApplicationShutdownHook] INFO  o.s.o.j.LocalContainerEntityManagerFactoryBean - Closing JPA EntityManagerFactory for persistence unit 'default'
14:46:10.471 [SpringApplicationShutdownHook] INFO  com.zaxxer.hikari.HikariDataSource - HikariPool-1 - Shutdown initiated...
14:46:10.497 [SpringApplicationShutdownHook] INFO  com.zaxxer.hikari.HikariDataSource - HikariPool-1 - Shutdown completed.
14:46:14.909 [main] INFO  com.flight.FlightAgencyApplication - Starting FlightAgencyApplication using Java 17.0.8 with PID 10280 (D:\FlightAgency\target\classes started by F.Almasian in D:\FlightAgency)
14:46:14.912 [main] INFO  com.flight.FlightAgencyApplication - No active profile set, falling back to 1 default profile: "default"
14:46:15.338 [main] INFO  o.s.d.r.c.RepositoryConfigurationDelegate - Bootstrapping Spring Data JPA repositories in DEFAULT mode.
14:46:15.394 [main] INFO  o.s.d.r.c.RepositoryConfigurationDelegate - Finished Spring Data repository scanning in 47 ms. Found 4 JPA repository interfaces.
14:46:15.951 [main] INFO  o.s.b.w.e.tomcat.TomcatWebServer - Tomcat initialized with port(s): 8080 (http)
14:46:15.957 [main] INFO  o.a.coyote.http11.Http11NioProtocol - Initializing ProtocolHandler ["http-nio-8080"]
14:46:15.959 [main] INFO  o.a.catalina.core.StandardService - Starting service [Tomcat]
14:46:15.959 [main] INFO  o.a.catalina.core.StandardEngine - Starting Servlet engine: [Apache Tomcat/10.1.15]
14:46:16.038 [main] INFO  o.a.c.c.C.[.[localhost].[/api] - Initializing Spring embedded WebApplicationContext
14:46:16.039 [main] INFO  o.s.b.w.s.c.ServletWebServerApplicationContext - Root WebApplicationContext: initialization completed in 1061 ms
14:46:16.150 [main] INFO  com.zaxxer.hikari.HikariDataSource - HikariPool-1 - Starting...
14:46:16.353 [main] INFO  com.zaxxer.hikari.pool.HikariPool - HikariPool-1 - Added connection oracle.jdbc.driver.T4CConnection@7fbd3e75
14:46:16.355 [main] INFO  com.zaxxer.hikari.HikariDataSource - HikariPool-1 - Start completed.
14:46:16.381 [main] INFO  o.h.jpa.internal.util.LogHelper - HHH000204: Processing PersistenceUnitInfo [name: default]
14:46:16.423 [main] INFO  org.hibernate.Version - HHH000412: Hibernate ORM core version 6.2.13.Final
14:46:16.424 [main] INFO  org.hibernate.cfg.Environment - HHH000406: Using bytecode reflection optimizer
14:46:16.646 [main] INFO  o.s.o.j.p.SpringPersistenceUnitInfo - No LoadTimeWeaver setup: ignoring JPA class transformer
14:46:17.949 [main] INFO  o.h.e.t.j.p.i.JtaPlatformInitiator - HHH000489: No JTA platform available (set 'hibernate.transaction.jta.platform' to enable JTA platform integration)
14:46:17.952 [main] INFO  o.s.o.j.LocalContainerEntityManagerFactoryBean - Initialized JPA EntityManagerFactory for persistence unit 'default'
14:46:18.310 [main] WARN  o.s.b.a.o.j.JpaBaseConfiguration$JpaWebConfiguration - spring.jpa.open-in-view is enabled by default. Therefore, database queries may be performed during view rendering. Explicitly configure spring.jpa.open-in-view to disable this warning
14:46:18.538 [main] INFO  o.a.coyote.http11.Http11NioProtocol - Starting ProtocolHandler ["http-nio-8080"]
14:46:18.545 [main] INFO  o.s.b.w.e.tomcat.TomcatWebServer - Tomcat started on port(s): 8080 (http) with context path '/api'
14:46:18.552 [main] INFO  com.flight.FlightAgencyApplication - Started FlightAgencyApplication in 3.972 seconds (process running for 4.629)
14:46:25.420 [SpringApplicationShutdownHook] INFO  o.s.o.j.LocalContainerEntityManagerFactoryBean - Closing JPA EntityManagerFactory for persistence unit 'default'
14:46:25.421 [SpringApplicationShutdownHook] INFO  com.zaxxer.hikari.HikariDataSource - HikariPool-1 - Shutdown initiated...
14:46:25.458 [SpringApplicationShutdownHook] INFO  com.zaxxer.hikari.HikariDataSource - HikariPool-1 - Shutdown completed.
